#
# There is insufficient memory for the Java Runtime Environment to continue.
# Native memory allocation (mmap) failed to map 134217728 bytes for G1 virtual space
# Possible reasons:
#   The system is out of physical RAM or swap space
#   The process is running with CompressedOops enabled, and the Java Heap may be blocking the growth of the native heap
# Possible solutions:
#   Reduce memory load on the system
#   Increase physical memory or swap space
#   Check if swap backing store is full
#   Decrease Java heap size (-Xmx/-Xms)
#   Decrease number of Java threads
#   Decrease Java thread stack sizes (-Xss)
#   Set larger code cache with -XX:ReservedCodeCacheSize=
#   JVM is running with Unscaled Compressed Oops mode in which the Java heap is
#     placed in the first 4GB address space. The Java Heap base address is the
#     maximum limit for the native heap growth. Please use -XX:HeapBaseMinAddress
#     to set the Java Heap base and to place the Java Heap above 4GB virtual address.
# This output file may be truncated or incomplete.
#
#  Out of Memory Error (os_windows.cpp:3825), pid=13504, tid=8940
#
# JRE version:  (17.0.9) (build )
# Java VM: OpenJDK 64-Bit Server VM (17.0.9+0--11185874, mixed mode, sharing, tiered, compressed oops, compressed class ptrs, g1 gc, windows-amd64)
# No core dump will be written. Minidumps are not enabled by default on client versions of Windows
#

---------------  S U M M A R Y ------------

Command Line: git4idea.http.GitAskPassApp Username for 'https://github.com': 

Host: Intel(R) Core(TM) i7-8650U CPU @ 1.90GHz, 8 cores, 7G,  Windows 10 , 64 bit Build 19041 (10.0.19041.3636)
Time: Sun May  5 17:45:01 2024 Europe de l , 64 bit Build 19041 (10.0.19041.3636) elapsed time: 0.059793 seconds (0d 0h 0m 0s)

---------------  T H R E A D  ---------------

Current thread (0x00000294c34b6280):  JavaThread "Unknown thread" [_thread_in_vm, id=8940, stack(0x000000aab2300000,0x000000aab2400000)]

Stack: [0x000000aab2300000,0x000000aab2400000]
Native frames: (J=compiled Java code, j=interpreted, Vv=VM code, C=native code)
V  [jvm.dll+0x6886e9]
V  [jvm.dll+0x841e4a]
V  [jvm.dll+0x843a8e]
V  [jvm.dll+0x8440f3]
V  [jvm.dll+0x24c14f]
V  [jvm.dll+0x685499]
V  [jvm.dll+0x679c2a]
V  [jvm.dll+0x30cf9b]
V  [jvm.dll+0x314446]
V  [jvm.dll+0x36425e]
V  [jvm.dll+0x36448f]
V  [jvm.dll+0x2e2d68]
V  [jvm.dll+0x2e3cd4]
V  [jvm.dll+0x8129f1]
V  [jvm.dll+0x3720c1]
V  [jvm.dll+0x7f152c]
V  [jvm.dll+0x3f5d4f]
V  [jvm.dll+0x3f7981]
C  [jli.dll+0x528f]
C  [ucrtbase.dll+0x21bb2]
C  [KERNEL32.DLL+0x17344]
C  [ntdll.dll+0x526b1]


---------------  P R O C E S S  ---------------

Threads class SMR info:
_java_thread_list=0x00007ffcab5fef18, length=0, elements={
}

Java Threads: ( => current thread )

Other Threads:
  0x00000294c350f5e0 GCTaskThread "GC Thread#0" [stack: 0x000000aab2400000,0x000000aab2500000] [id=11436]
  0x00000294c3520240 ConcurrentGCThread "G1 Main Marker" [stack: 0x000000aab2500000,0x000000aab2600000] [id=1192]
  0x00000294c3521400 ConcurrentGCThread "G1 Conc#0" [stack: 0x000000aab2600000,0x000000aab2700000] [id=14376]

[error occurred during error reporting (printing all threads), id 0xc0000005, EXCEPTION_ACCESS_VIOLATION (0xc0000005) at pc=0x00007ffcaadb3937]

VM state: not at safepoint (not fully initialized)

VM Mutex/Monitor currently owned by a thread:  ([mutex/lock_event])
[0x00000294c34b1c00] Heap_lock - owner thread: 0x00000294c34b6280

Heap address: 0x0000000081e00000, size: 2018 MB, Compressed Oops mode: 32-bit

CDS archive(s) mapped at: [0x0000000000000000-0x0000000000000000-0x0000000000000000), size 0, SharedBaseAddress: 0x0000000800000000, ArchiveRelocationMode: 1.
Narrow klass base: 0x0000000000000000, Narrow klass shift: 0, Narrow klass range: 0x0

GC Precious Log:
<Empty>

Heap:
 garbage-first heap   total 0K, used 0K [0x0000000081e00000, 0x0000000100000000)
  region size 1024K, 0 young (0K), 0 survivors (0K)
 Metaspace       used 0K, committed 0K, reserved 0K
  class space    used 0K, committed 0K, reserved 0K

Heap Regions: E=young(eden), S=young(survivor), O=old, HS=humongous(starts), HC=humongous(continues), CS=collection set, F=free, OA=open archive, CA=closed archive, TAMS=top-at-mark-start (previous, next)

Card table byte_map: [0x00000294d60c0000,0x00000294d64c0000] _byte_map_base: 0x00000294d5cb1000

Marking Bits (Prev, Next): (CMBitMap*) 0x00000294c350fc00, (CMBitMap*) 0x00000294c350fc40
 Prev Bits: [0x00000294d68c0000, 0x00000294d8848000)
 Next Bits: [0x00000294d8850000, 0x00000294da7d8000)

GC Heap History (0 events):
No events

Dll operation events (1 events):
Event: 0.025 Loaded shared library C:\Program Files\Android\Android Studio\jbr\bin\java.dll

Deoptimization events (0 events):
No events

Classes unloaded (0 events):
No events

Classes redefined (0 events):
No events

Internal exceptions (0 events):
No events

VM Operations (0 events):
No events

Events (0 events):
No events


Dynamic libraries:
0x00007ff6a8d20000 - 0x00007ff6a8d2a000 	C:\Program Files\Android\Android Studio\jbr\bin\java.exe
0x00007ffd1a490000 - 0x00007ffd1a688000 	C:\Windows\SYSTEM32\ntdll.dll
0x00007ffd11e00000 - 0x00007ffd11e19000 	C:\Program Files\Avast Software\Avast\aswhook.dll
0x00007ffd1a320000 - 0x00007ffd1a3dd000 	C:\Windows\System32\KERNEL32.DLL
0x00007ffd180c0000 - 0x00007ffd183b6000 	C:\Windows\System32\KERNELBASE.dll
0x00007ffd183c0000 - 0x00007ffd184c0000 	C:\Windows\System32\ucrtbase.dll
0x00007ffd15fb0000 - 0x00007ffd15fcb000 	C:\Program Files\Android\Android Studio\jbr\bin\VCRUNTIME140.dll
0x00007ffce4ec0000 - 0x00007ffce4ed7000 	C:\Program Files\Android\Android Studio\jbr\bin\jli.dll
0x00007ffd19480000 - 0x00007ffd1961f000 	C:\Windows\System32\USER32.dll
0x00007ffd17fb0000 - 0x00007ffd17fd2000 	C:\Windows\System32\win32u.dll
0x00007ffd06d90000 - 0x00007ffd0702a000 	C:\Windows\WinSxS\amd64_microsoft.windows.common-controls_6595b64144ccf1df_6.0.19041.3636_none_60b6a03d71f818d5\COMCTL32.dll
0x00007ffd19450000 - 0x00007ffd1947b000 	C:\Windows\System32\GDI32.dll
0x00007ffd17e90000 - 0x00007ffd17fa7000 	C:\Windows\System32\gdi32full.dll
0x00007ffd197e0000 - 0x00007ffd1987e000 	C:\Windows\System32\msvcrt.dll
0x00007ffd17ca0000 - 0x00007ffd17d3d000 	C:\Windows\System32\msvcp_win.dll
0x00007ffd19b10000 - 0x00007ffd19b42000 	C:\Windows\System32\IMM32.DLL
0x00007ffd16340000 - 0x00007ffd1634c000 	C:\Program Files\Android\Android Studio\jbr\bin\vcruntime140_1.dll
0x00007ffd14fa0000 - 0x00007ffd1502d000 	C:\Program Files\Android\Android Studio\jbr\bin\msvcp140.dll
0x00007ffcaaac0000 - 0x00007ffcab743000 	C:\Program Files\Android\Android Studio\jbr\bin\server\jvm.dll
0x00007ffd18b80000 - 0x00007ffd18c30000 	C:\Windows\System32\ADVAPI32.dll
0x00007ffd199b0000 - 0x00007ffd19a50000 	C:\Windows\System32\sechost.dll
0x00007ffd19880000 - 0x00007ffd199a3000 	C:\Windows\System32\RPCRT4.dll
0x00007ffd17e60000 - 0x00007ffd17e87000 	C:\Windows\System32\bcrypt.dll
0x00007ffd053b0000 - 0x00007ffd053b9000 	C:\Windows\SYSTEM32\WSOCK32.dll
0x00007ffd179a0000 - 0x00007ffd179eb000 	C:\Windows\SYSTEM32\POWRPROF.dll
0x00007ffd06b40000 - 0x00007ffd06b67000 	C:\Windows\SYSTEM32\WINMM.dll
0x00007ffd19640000 - 0x00007ffd196ab000 	C:\Windows\System32\WS2_32.dll
0x00007ffd0eea0000 - 0x00007ffd0eeaa000 	C:\Windows\SYSTEM32\VERSION.dll
0x00007ffd17980000 - 0x00007ffd17992000 	C:\Windows\SYSTEM32\UMPDC.dll
0x00007ffd16360000 - 0x00007ffd16372000 	C:\Windows\SYSTEM32\kernel.appcore.dll
0x00007ffd0d440000 - 0x00007ffd0d44a000 	C:\Program Files\Android\Android Studio\jbr\bin\jimage.dll
0x00007ffd126f0000 - 0x00007ffd128d4000 	C:\Windows\SYSTEM32\DBGHELP.DLL
0x00007ffd0d450000 - 0x00007ffd0d484000 	C:\Windows\SYSTEM32\dbgcore.DLL
0x00007ffd18030000 - 0x00007ffd180b2000 	C:\Windows\System32\bcryptPrimitives.dll
0x00007ffcf3b50000 - 0x00007ffcf3b75000 	C:\Program Files\Android\Android Studio\jbr\bin\java.dll

dbghelp: loaded successfully - version: 4.0.5 - missing functions: none
symbol engine: initialized successfully - sym options: 0x614 - pdb path: .;C:\Program Files\Android\Android Studio\jbr\bin;C:\Windows\SYSTEM32;C:\Program Files\Avast Software\Avast;C:\Windows\WinSxS\amd64_microsoft.windows.common-controls_6595b64144ccf1df_6.0.19041.3636_none_60b6a03d71f818d5;C:\Program Files\Android\Android Studio\jbr\bin\server

VM Arguments:
java_command: git4idea.http.GitAskPassApp Username for 'https://github.com': 
java_class_path (initial): C:/Program Files/Android/Android Studio/plugins/vcs-git/lib/git4idea-rt.jar;C:/Program Files/Android/Android Studio/lib/externalProcess-rt.jar
Launcher Type: SUN_STANDARD

[Global flags]
     intx CICompilerCount                          = 4                                         {product} {ergonomic}
     uint ConcGCThreads                            = 2                                         {product} {ergonomic}
     uint G1ConcRefinementThreads                  = 8                                         {product} {ergonomic}
   size_t G1HeapRegionSize                         = 1048576                                   {product} {ergonomic}
    uintx GCDrainStackTargetSize                   = 64                                        {product} {ergonomic}
   size_t InitialHeapSize                          = 134217728                                 {product} {ergonomic}
   size_t MarkStackSize                            = 4194304                                   {product} {ergonomic}
   size_t MaxHeapSize                              = 2116026368                                {product} {ergonomic}
   size_t MinHeapDeltaBytes                        = 1048576                                   {product} {ergonomic}
   size_t MinHeapSize                              = 8388608                                   {product} {ergonomic}
    uintx NonNMethodCodeHeapSize                   = 5839372                                {pd product} {ergonomic}
    uintx NonProfiledCodeHeapSize                  = 122909434                              {pd product} {ergonomic}
    uintx ProfiledCodeHeapSize                     = 122909434                              {pd product} {ergonomic}
    uintx ReservedCodeCacheSize                    = 251658240                              {pd product} {ergonomic}
     bool SegmentedCodeCache                       = true                                      {product} {ergonomic}
   size_t SoftMaxHeapSize                          = 2116026368                             {manageable} {ergonomic}
     bool UseCompressedClassPointers               = true                           {product lp64_product} {ergonomic}
     bool UseCompressedOops                        = true                           {product lp64_product} {ergonomic}
     bool UseG1GC                                  = true                                      {product} {ergonomic}
     bool UseLargePagesIndividualAllocation        = false                                  {pd product} {ergonomic}

Logging:
Log output configuration:
 #0: stdout all=warning uptime,level,tags
 #1: stderr all=off uptime,level,tags

Environment Variables:
JAVA_HOME=C:\Program Files\Java\jdk-17
PATH=C:\Program Files\Git\mingw64\libexec\git-core;C:\Program Files\Git\mingw64\libexec\git-core;C:\Program Files\Git\mingw64\bin;C:\Program Files\Git\usr\bin;C:\Users\PC\bin;C:\Python312\Scripts;C:\Python312;C:\ProgramData\Oracle\Java\javapath;C:\Program Files\Common Files\Oracle\Java\javapath;C:\Windows\system32;C:\Windows;C:\Windows\System32\Wbem;C:\Windows\System32\WindowsPowerShell\v1.0;C:\Windows\System32\OpenSSH;C:\Program Files (x86)\Intel\Intel(R) Management Engine Components\DAL;C:\Program Files\Intel\Intel(R) Management Engine Components\DAL;C:\Program Files\nodejs;C:\ProgramData\chocolatey\bin;C:\Users\PC\AppData\Local\Android\Sdk\platform-tools;C:\Users\PC\AppData\Local\Android\Sdk\cmdline-tools\latest\bin;C:\Users\PC\AppData\Local\Android\Sdk\build-tools;C:\Users\PC\AppData\Local\Android\Sdk\emulator;C:\Windows\System32\WindowsPowerShell\v1.0;C:\Gradle\gradle-7.6.4-bin\gradle-7.6.4\bin;C:\Program Files\Git\cmd;C:\Users\PC\AppData\Local\Microsoft\WindowsApps;C:\Users\PC\AppData\Local\Programs\Microsoft VS Code\bin;C:\Users\PC\AppData\Roaming\npm
USERNAME=PC
DISPLAY=:0.0
LC_ALL=en_US.UTF-8
TERM=xterm-256color
TMPDIR=C:\Users\PC\AppData\Local\Temp
OS=Windows_NT
PROCESSOR_IDENTIFIER=Intel64 Family 6 Model 142 Stepping 10, GenuineIntel
TMP=C:\Users\PC\AppData\Local\Temp
TEMP=C:\Users\PC\AppData\Local\Temp



Periodic native trim disabled

JNI global refs:
JNI global refs: 0, weak refs: 0

JNI global refs memory usage: 0, weak refs: 0

OOME stack traces (most recent first):
Classloader memory used:


---------------  S Y S T E M  ---------------

OS:
 Windows 10 , 64 bit Build 19041 (10.0.19041.3636)
OS uptime: 1 days 0:00 hours

CPU: total 8 (initial active 8) (4 cores per cpu, 2 threads per core) family 6 model 142 stepping 10 microcode 0xf0, cx8, cmov, fxsr, ht, mmx, 3dnowpref, sse, sse2, sse3, ssse3, sse4.1, sse4.2, popcnt, lzcnt, tsc, tscinvbit, avx, avx2, aes, erms, clmul, bmi1, bmi2, rtm, adx, fma, vzeroupper, clflush, clflushopt
Processor Information for processor 0
  Max Mhz: 2112, Current Mhz: 1910, Mhz Limit: 1900
Processor Information for processor 1
  Max Mhz: 2112, Current Mhz: 1408, Mhz Limit: 1900
Processor Information for processor 2
  Max Mhz: 2112, Current Mhz: 1408, Mhz Limit: 1900
Processor Information for processor 3
  Max Mhz: 2112, Current Mhz: 1408, Mhz Limit: 1900
Processor Information for processor 4
  Max Mhz: 2112, Current Mhz: 1408, Mhz Limit: 1900
Processor Information for processor 5
  Max Mhz: 2112, Current Mhz: 1408, Mhz Limit: 1900
Processor Information for processor 6
  Max Mhz: 2112, Current Mhz: 1408, Mhz Limit: 1900
Processor Information for processor 7
  Max Mhz: 2112, Current Mhz: 1910, Mhz Limit: 1900

Memory: 4k page, system-wide physical 8068M (472M free)
TotalPageFile size 9972M (AvailPageFile size 11M)
current process WorkingSet (physical memory assigned to process): 10M, peak: 10M
current process commit charge ("private bytes"): 60M, peak: 188M

vm_info: OpenJDK 64-Bit Server VM (17.0.9+0--11185874) for windows-amd64 JRE (17.0.9+0--11185874), built on Dec  6 2023 18:57:44 by "androidbuild" with MS VC++ 16.10 / 16.11 (VS2019)

END.
