#
# There is insufficient memory for the Java Runtime Environment to continue.
# Native memory allocation (malloc) failed to allocate 559696 bytes for Chunk::new
# Possible reasons:
#   The system is out of physical RAM or swap space
#   The process is running with CompressedOops enabled, and the Java Heap may be blocking the growth of the native heap
# Possible solutions:
#   Reduce memory load on the system
#   Increase physical memory or swap space
#   Check if swap backing store is full
#   Decrease Java heap size (-Xmx/-Xms)
#   Decrease number of Java threads
#   Decrease Java thread stack sizes (-Xss)
#   Set larger code cache with -XX:ReservedCodeCacheSize=
#   JVM is running with Unscaled Compressed Oops mode in which the Java heap is
#     placed in the first 4GB address space. The Java Heap base address is the
#     maximum limit for the native heap growth. Please use -XX:HeapBaseMinAddress
#     to set the Java Heap base and to place the Java Heap above 4GB virtual address.
# This output file may be truncated or incomplete.
#
#  Out of Memory Error (arena.cpp:191), pid=10616, tid=10724
#
# JRE version: OpenJDK Runtime Environment (17.0.9) (build 17.0.9+0--11185874)
# Java VM: OpenJDK 64-Bit Server VM (17.0.9+0--11185874, mixed mode, tiered, compressed oops, compressed class ptrs, g1 gc, windows-amd64)
# No core dump will be written. Minidumps are not enabled by default on client versions of Windows
#

---------------  S U M M A R Y ------------

Command Line: --add-opens=java.base/java.util=ALL-UNNAMED --add-opens=java.base/java.lang=ALL-UNNAMED --add-opens=java.base/java.lang.invoke=ALL-UNNAMED --add-opens=java.prefs/java.util.prefs=ALL-UNNAMED --add-opens=java.base/java.nio.charset=ALL-UNNAMED --add-opens=java.base/java.net=ALL-UNNAMED --add-opens=java.base/java.util.concurrent.atomic=ALL-UNNAMED -Xmx2048m -Dfile.encoding=UTF-8 -Duser.country=FR -Duser.language=fr -Duser.variant -javaagent:C:\Users\PC\.gradle\wrapper\dists\gradle-8.4-bin\1w5dpkrfk8irigvoxmyhowfim\gradle-8.4\lib\agents\gradle-instrumentation-agent-8.4.jar org.gradle.launcher.daemon.bootstrap.GradleDaemon 8.4

Host: Intel(R) Core(TM) i7-8650U CPU @ 1.90GHz, 8 cores, 7G,  Windows 10 , 64 bit Build 19041 (10.0.19041.3636)
Time: Wed May  1 17:59:42 2024 Europe de l , 64 bit Build 19041 (10.0.19041.3636) elapsed time: 77.504558 seconds (0d 0h 1m 17s)

---------------  T H R E A D  ---------------

Current thread (0x00000230af73d9e0):  JavaThread "C2 CompilerThread0" daemon [_thread_in_native, id=10724, stack(0x000000e7a0b00000,0x000000e7a0c00000)]


Current CompileTask:
C2:  77504 6792       4       jdk.internal.org.objectweb.asm.Frame::execute (2305 bytes)

Stack: [0x000000e7a0b00000,0x000000e7a0c00000]
Native frames: (J=compiled Java code, j=interpreted, Vv=VM code, C=native code)
V  [jvm.dll+0x6886e9]
V  [jvm.dll+0x841e4a]
V  [jvm.dll+0x843a8e]
V  [jvm.dll+0x8440f3]
V  [jvm.dll+0x24c14f]
V  [jvm.dll+0xac44c]
V  [jvm.dll+0xaca9c]
V  [jvm.dll+0x36c1f7]
V  [jvm.dll+0x1be14d]
V  [jvm.dll+0x21df09]
V  [jvm.dll+0x21d1d1]
V  [jvm.dll+0x1a674d]
V  [jvm.dll+0x22d088]
V  [jvm.dll+0x22b1c0]
V  [jvm.dll+0x7f62f7]
V  [jvm.dll+0x7f06aa]
V  [jvm.dll+0x687565]
C  [ucrtbase.dll+0x21bb2]
C  [KERNEL32.DLL+0x17344]
C  [ntdll.dll+0x526b1]


---------------  P R O C E S S  ---------------

Threads class SMR info:
_java_thread_list=0x00000230b6b939d0, length=51, elements={
0x00000230957333d0, 0x00000230af5cd620, 0x00000230af5a4680, 0x00000230af5b9500,
0x00000230af5ba0c0, 0x00000230af739010, 0x00000230af7398e0, 0x00000230af73d9e0,
0x00000230af746300, 0x00000230af7594d0, 0x00000230af807eb0, 0x00000230afa53b90,
0x00000230b574c460, 0x00000230b5589090, 0x00000230b558b620, 0x00000230b4f05af0,
0x00000230b4e9a890, 0x00000230b4275b60, 0x00000230b4276580, 0x00000230b4276fa0,
0x00000230b4274c30, 0x00000230b4275650, 0x00000230b42779c0, 0x00000230b42774b0,
0x00000230b4276a90, 0x00000230b4276070, 0x00000230b4277ed0, 0x00000230b42783e0,
0x00000230b6045560, 0x00000230b6040e80, 0x00000230b6041390, 0x00000230b603ff50,
0x00000230b603f530, 0x00000230b6045a70, 0x00000230b6044b40, 0x00000230b6045050,
0x00000230b60422c0, 0x00000230b60418a0, 0x00000230b6041db0, 0x00000230b6044630,
0x00000230b6046490, 0x00000230b6045f80, 0x00000230b60427d0, 0x00000230b60469a0,
0x00000230b603fa40, 0x00000230b6040460, 0x00000230b6042ce0, 0x00000230b60431f0,
0x00000230b6043700, 0x00000230b6043c10, 0x00000230b6040970
}

Java Threads: ( => current thread )
  0x00000230957333d0 JavaThread "main" [_thread_blocked, id=6900, stack(0x000000e79fe00000,0x000000e79ff00000)]
  0x00000230af5cd620 JavaThread "Reference Handler" daemon [_thread_blocked, id=4632, stack(0x000000e7a0500000,0x000000e7a0600000)]
  0x00000230af5a4680 JavaThread "Finalizer" daemon [_thread_blocked, id=10808, stack(0x000000e7a0600000,0x000000e7a0700000)]
  0x00000230af5b9500 JavaThread "Signal Dispatcher" daemon [_thread_blocked, id=11492, stack(0x000000e7a0700000,0x000000e7a0800000)]
  0x00000230af5ba0c0 JavaThread "Attach Listener" daemon [_thread_blocked, id=5420, stack(0x000000e7a0800000,0x000000e7a0900000)]
  0x00000230af739010 JavaThread "Service Thread" daemon [_thread_blocked, id=5184, stack(0x000000e7a0900000,0x000000e7a0a00000)]
  0x00000230af7398e0 JavaThread "Monitor Deflation Thread" daemon [_thread_blocked, id=3828, stack(0x000000e7a0a00000,0x000000e7a0b00000)]
=>0x00000230af73d9e0 JavaThread "C2 CompilerThread0" daemon [_thread_in_native, id=10724, stack(0x000000e7a0b00000,0x000000e7a0c00000)]
  0x00000230af746300 JavaThread "C1 CompilerThread0" daemon [_thread_blocked, id=10516, stack(0x000000e7a0c00000,0x000000e7a0d00000)]
  0x00000230af7594d0 JavaThread "Sweeper thread" daemon [_thread_blocked, id=10188, stack(0x000000e7a0d00000,0x000000e7a0e00000)]
  0x00000230af807eb0 JavaThread "Common-Cleaner" daemon [_thread_blocked, id=3340, stack(0x000000e7a0e00000,0x000000e7a0f00000)]
  0x00000230afa53b90 JavaThread "Notification Thread" daemon [_thread_blocked, id=13612, stack(0x000000e7a0f00000,0x000000e7a1000000)]
  0x00000230b574c460 JavaThread "Daemon health stats" [_thread_blocked, id=3536, stack(0x000000e7a1500000,0x000000e7a1600000)]
  0x00000230b5589090 JavaThread "Incoming local TCP Connector on port 50579" [_thread_in_native, id=7868, stack(0x000000e7a1600000,0x000000e7a1700000)]
  0x00000230b558b620 JavaThread "Daemon periodic checks" [_thread_blocked, id=3100, stack(0x000000e7a1700000,0x000000e7a1800000)]
  0x00000230b4f05af0 JavaThread "Daemon" [_thread_blocked, id=13264, stack(0x000000e7a1800000,0x000000e7a1900000)]
  0x00000230b4e9a890 JavaThread "Handler for socket connection from /127.0.0.1:50579 to /127.0.0.1:50580" [_thread_in_native, id=2304, stack(0x000000e7a1900000,0x000000e7a1a00000)]
  0x00000230b4275b60 JavaThread "Cancel handler" [_thread_blocked, id=10260, stack(0x000000e7a1a00000,0x000000e7a1b00000)]
  0x00000230b4276580 JavaThread "Daemon worker" [_thread_in_vm, id=13416, stack(0x000000e7a1b00000,0x000000e7a1c00000)]
  0x00000230b4276fa0 JavaThread "Asynchronous log dispatcher for DefaultDaemonConnection: socket connection from /127.0.0.1:50579 to /127.0.0.1:50580" [_thread_blocked, id=3956, stack(0x000000e7a1c00000,0x000000e7a1d00000)]
  0x00000230b4274c30 JavaThread "Stdin handler" [_thread_blocked, id=11628, stack(0x000000e7a1d00000,0x000000e7a1e00000)]
  0x00000230b4275650 JavaThread "Daemon client event forwarder" [_thread_blocked, id=9224, stack(0x000000e7a1e00000,0x000000e7a1f00000)]
  0x00000230b42779c0 JavaThread "Cache worker for journal cache (C:\Users\PC\.gradle\caches\journal-1)" [_thread_blocked, id=7964, stack(0x000000e7a2300000,0x000000e7a2400000)]
  0x00000230b42774b0 JavaThread "File lock request listener" [_thread_in_native, id=12404, stack(0x000000e7a2400000,0x000000e7a2500000)]
  0x00000230b4276a90 JavaThread "Cache worker for file hash cache (C:\Users\PC\.gradle\caches\8.4\fileHashes)" [_thread_blocked, id=6464, stack(0x000000e7a2500000,0x000000e7a2600000)]
  0x00000230b4276070 JavaThread "File watcher server" daemon [_thread_in_native, id=3180, stack(0x000000e7a2600000,0x000000e7a2700000)]
  0x00000230b4277ed0 JavaThread "File watcher consumer" daemon [_thread_blocked, id=3844, stack(0x000000e7a2700000,0x000000e7a2800000)]
  0x00000230b42783e0 JavaThread "Cache worker for checksums cache (C:\Users\PC\Documents\miniprojet\.gradle\8.4\checksums)" [_thread_blocked, id=11352, stack(0x000000e7a2800000,0x000000e7a2900000)]
  0x00000230b6045560 JavaThread "Cache worker for file hash cache (C:\Users\PC\Documents\miniprojet\.gradle\8.4\fileHashes)" [_thread_blocked, id=1756, stack(0x000000e7a2900000,0x000000e7a2a00000)]
  0x00000230b6040e80 JavaThread "Cache worker for cache directory md-supplier (C:\Users\PC\.gradle\caches\8.4\md-supplier)" [_thread_blocked, id=11784, stack(0x000000e7a2a00000,0x000000e7a2b00000)]
  0x00000230b6041390 JavaThread "Cache worker for file content cache (C:\Users\PC\.gradle\caches\8.4\fileContent)" [_thread_blocked, id=3720, stack(0x000000e7a2b00000,0x000000e7a2c00000)]
  0x00000230b603ff50 JavaThread "Cache worker for cache directory md-rule (C:\Users\PC\.gradle\caches\8.4\md-rule)" [_thread_blocked, id=11504, stack(0x000000e7a2c00000,0x000000e7a2d00000)]
  0x00000230b603f530 JavaThread "Cache worker for execution history cache (C:\Users\PC\.gradle\caches\8.4\executionHistory)" [_thread_blocked, id=13568, stack(0x000000e7a2d00000,0x000000e7a2e00000)]
  0x00000230b6045a70 JavaThread "Cache worker for kotlin-dsl (C:\Users\PC\.gradle\caches\8.4\kotlin-dsl)" [_thread_blocked, id=2780, stack(0x000000e7a2e00000,0x000000e7a2f00000)]
  0x00000230b6044b40 JavaThread "jar transforms" [_thread_blocked, id=1680, stack(0x000000e7a2f00000,0x000000e7a3000000)]
  0x00000230b6045050 JavaThread "jar transforms Thread 2" [_thread_blocked, id=8144, stack(0x000000e7a3000000,0x000000e7a3100000)]
  0x00000230b60422c0 JavaThread "jar transforms Thread 3" [_thread_blocked, id=9000, stack(0x000000e7a3100000,0x000000e7a3200000)]
  0x00000230b60418a0 JavaThread "jar transforms Thread 4" [_thread_blocked, id=5956, stack(0x000000e7a3200000,0x000000e7a3300000)]
  0x00000230b6041db0 JavaThread "Cache worker for dependencies-accessors (C:\Users\PC\Documents\miniprojet\.gradle\8.4\dependencies-accessors)" [_thread_blocked, id=2164, stack(0x000000e7a3300000,0x000000e7a3400000)]
  0x00000230b6044630 JavaThread "Cache worker for Build Output Cleanup Cache (C:\Users\PC\Documents\miniprojet\.gradle\buildOutputCleanup)" [_thread_blocked, id=12064, stack(0x000000e7a3400000,0x000000e7a3500000)]
  0x00000230b6046490 JavaThread "jar transforms Thread 5" [_thread_blocked, id=14140, stack(0x000000e7a3500000,0x000000e7a3600000)]
  0x00000230b6045f80 JavaThread "jar transforms Thread 6" [_thread_blocked, id=11800, stack(0x000000e7a3600000,0x000000e7a3700000)]
  0x00000230b60427d0 JavaThread "Unconstrained build operations" [_thread_blocked, id=11576, stack(0x000000e7a3800000,0x000000e7a3900000)]
  0x00000230b60469a0 JavaThread "Unconstrained build operations Thread 2" [_thread_blocked, id=13996, stack(0x000000e7a3900000,0x000000e7a3a00000)]
  0x00000230b603fa40 JavaThread "Unconstrained build operations Thread 3" [_thread_blocked, id=13756, stack(0x000000e7a3a00000,0x000000e7a3b00000)]
  0x00000230b6040460 JavaThread "Unconstrained build operations Thread 4" [_thread_blocked, id=3472, stack(0x000000e7a3b00000,0x000000e7a3c00000)]
  0x00000230b6042ce0 JavaThread "Unconstrained build operations Thread 5" [_thread_blocked, id=13496, stack(0x000000e7a3c00000,0x000000e7a3d00000)]
  0x00000230b60431f0 JavaThread "Unconstrained build operations Thread 6" [_thread_blocked, id=12784, stack(0x000000e7a3d00000,0x000000e7a3e00000)]
  0x00000230b6043700 JavaThread "Unconstrained build operations Thread 7" [_thread_blocked, id=4996, stack(0x000000e7a3e00000,0x000000e7a3f00000)]
  0x00000230b6043c10 JavaThread "jar transforms Thread 7" [_thread_blocked, id=3824, stack(0x000000e7a3f00000,0x000000e7a4000000)]
  0x00000230b6040970 JavaThread "jar transforms Thread 8" [_thread_blocked, id=8396, stack(0x000000e7a4000000,0x000000e7a4100000)]

Other Threads:
  0x00000230af713330 VMThread "VM Thread" [stack: 0x000000e7a0400000,0x000000e7a0500000] [id=3724]
  0x00000230957342a0 WatcherThread [stack: 0x000000e7a1000000,0x000000e7a1100000] [id=13920]
  0x000002309578e490 GCTaskThread "GC Thread#0" [stack: 0x000000e79ff00000,0x000000e7a0000000] [id=11920]
  0x00000230b479d1e0 GCTaskThread "GC Thread#1" [stack: 0x000000e7a1100000,0x000000e7a1200000] [id=8808]
  0x00000230b4905370 GCTaskThread "GC Thread#2" [stack: 0x000000e7a1200000,0x000000e7a1300000] [id=12732]
  0x00000230b48fd0b0 GCTaskThread "GC Thread#3" [stack: 0x000000e7a1300000,0x000000e7a1400000] [id=10780]
  0x00000230b4aab1a0 GCTaskThread "GC Thread#4" [stack: 0x000000e7a1400000,0x000000e7a1500000] [id=1996]
  0x00000230b547d9f0 GCTaskThread "GC Thread#5" [stack: 0x000000e7a1f00000,0x000000e7a2000000] [id=13700]
  0x00000230b5667c40 GCTaskThread "GC Thread#6" [stack: 0x000000e7a2000000,0x000000e7a2100000] [id=13288]
  0x00000230b56eafa0 GCTaskThread "GC Thread#7" [stack: 0x000000e7a2100000,0x000000e7a2200000] [id=10640]
  0x000002309579f4b0 ConcurrentGCThread "G1 Main Marker" [stack: 0x000000e7a0000000,0x000000e7a0100000] [id=2620]
  0x00000230957a0670 ConcurrentGCThread "G1 Conc#0" [stack: 0x000000e7a0100000,0x000000e7a0200000] [id=2392]
  0x00000230b566e800 ConcurrentGCThread "G1 Conc#1" [stack: 0x000000e7a2200000,0x000000e7a2300000] [id=8288]
  0x00000230af4140e0 ConcurrentGCThread "G1 Refine#0" [stack: 0x000000e7a0200000,0x000000e7a0300000] [id=2980]
  0x00000230af414b10 ConcurrentGCThread "G1 Service" [stack: 0x000000e7a0300000,0x000000e7a0400000] [id=8196]

Threads with active compile tasks:
C2 CompilerThread0    77619 6792       4       jdk.internal.org.objectweb.asm.Frame::execute (2305 bytes)

VM state: not at safepoint (normal execution)

VM Mutex/Monitor currently owned by a thread: None

Heap address: 0x0000000080000000, size: 2048 MB, Compressed Oops mode: 32-bit

CDS archive(s) not mapped
Compressed class space mapped at: 0x0000000100000000-0x0000000140000000, reserved size: 1073741824
Narrow klass base: 0x0000000000000000, Narrow klass shift: 3, Narrow klass range: 0x140000000

GC Precious Log:
 CPUs: 8 total, 8 available
 Memory: 8068M
 Large Page Support: Disabled
 NUMA Support: Disabled
 Compressed Oops: Enabled (32-bit)
 Heap Region Size: 1M
 Heap Min Capacity: 8M
 Heap Initial Capacity: 128M
 Heap Max Capacity: 2G
 Pre-touch: Disabled
 Parallel Workers: 8
 Concurrent Workers: 2
 Concurrent Refinement Workers: 8
 Periodic GC: Disabled

Heap:
 garbage-first heap   total 121856K, used 72669K [0x0000000080000000, 0x0000000100000000)
  region size 1024K, 15 young (15360K), 3 survivors (3072K)
 Metaspace       used 65152K, committed 65728K, reserved 1114112K
  class space    used 8837K, committed 9088K, reserved 1048576K

Heap Regions: E=young(eden), S=young(survivor), O=old, HS=humongous(starts), HC=humongous(continues), CS=collection set, F=free, OA=open archive, CA=closed archive, TAMS=top-at-mark-start (previous, next)
|   0|0x0000000080000000, 0x0000000080100000, 0x0000000080100000|100%|HS|  |TAMS 0x0000000080100000, 0x0000000080000000| Complete 
|   1|0x0000000080100000, 0x0000000080200000, 0x0000000080200000|100%|HC|  |TAMS 0x0000000080200000, 0x0000000080100000| Complete 
|   2|0x0000000080200000, 0x0000000080300000, 0x0000000080300000|100%|HC|  |TAMS 0x0000000080300000, 0x0000000080200000| Complete 
|   3|0x0000000080300000, 0x0000000080400000, 0x0000000080400000|100%|HC|  |TAMS 0x0000000080400000, 0x0000000080300000| Complete 
|   4|0x0000000080400000, 0x0000000080500000, 0x0000000080500000|100%| O|  |TAMS 0x0000000080500000, 0x0000000080400000| Untracked 
|   5|0x0000000080500000, 0x0000000080600000, 0x0000000080600000|100%| O|  |TAMS 0x0000000080600000, 0x0000000080500000| Untracked 
|   6|0x0000000080600000, 0x0000000080700000, 0x0000000080700000|100%| O|  |TAMS 0x0000000080700000, 0x0000000080600000| Untracked 
|   7|0x0000000080700000, 0x0000000080800000, 0x0000000080800000|100%| O|  |TAMS 0x0000000080800000, 0x0000000080700000| Untracked 
|   8|0x0000000080800000, 0x0000000080900000, 0x0000000080900000|100%| O|  |TAMS 0x0000000080900000, 0x0000000080800000| Untracked 
|   9|0x0000000080900000, 0x0000000080a00000, 0x0000000080a00000|100%| O|  |TAMS 0x0000000080a00000, 0x0000000080900000| Untracked 
|  10|0x0000000080a00000, 0x0000000080b00000, 0x0000000080b00000|100%| O|  |TAMS 0x0000000080b00000, 0x0000000080a00000| Untracked 
|  11|0x0000000080b00000, 0x0000000080c00000, 0x0000000080c00000|100%| O|  |TAMS 0x0000000080c00000, 0x0000000080b00000| Untracked 
|  12|0x0000000080c00000, 0x0000000080d00000, 0x0000000080d00000|100%| O|  |TAMS 0x0000000080d00000, 0x0000000080c00000| Untracked 
|  13|0x0000000080d00000, 0x0000000080e00000, 0x0000000080e00000|100%| O|  |TAMS 0x0000000080e00000, 0x0000000080d00000| Untracked 
|  14|0x0000000080e00000, 0x0000000080f00000, 0x0000000080f00000|100%| O|  |TAMS 0x0000000080f00000, 0x0000000080e00000| Untracked 
|  15|0x0000000080f00000, 0x0000000081000000, 0x0000000081000000|100%| O|  |TAMS 0x0000000081000000, 0x0000000080f00000| Untracked 
|  16|0x0000000081000000, 0x0000000081100000, 0x0000000081100000|100%| O|  |TAMS 0x0000000081100000, 0x0000000081000000| Untracked 
|  17|0x0000000081100000, 0x0000000081200000, 0x0000000081200000|100%| O|  |TAMS 0x0000000081200000, 0x0000000081100000| Untracked 
|  18|0x0000000081200000, 0x0000000081300000, 0x0000000081300000|100%| O|  |TAMS 0x0000000081300000, 0x0000000081200000| Untracked 
|  19|0x0000000081300000, 0x0000000081400000, 0x0000000081400000|100%| O|  |TAMS 0x0000000081400000, 0x0000000081300000| Untracked 
|  20|0x0000000081400000, 0x0000000081500000, 0x0000000081500000|100%| O|  |TAMS 0x0000000081500000, 0x0000000081400000| Untracked 
|  21|0x0000000081500000, 0x0000000081600000, 0x0000000081600000|100%| O|  |TAMS 0x0000000081600000, 0x0000000081500000| Untracked 
|  22|0x0000000081600000, 0x0000000081700000, 0x0000000081700000|100%| O|  |TAMS 0x0000000081700000, 0x0000000081600000| Untracked 
|  23|0x0000000081700000, 0x0000000081800000, 0x0000000081800000|100%| O|  |TAMS 0x0000000081800000, 0x0000000081700000| Untracked 
|  24|0x0000000081800000, 0x0000000081900000, 0x0000000081900000|100%| O|  |TAMS 0x0000000081900000, 0x0000000081800000| Untracked 
|  25|0x0000000081900000, 0x0000000081a00000, 0x0000000081a00000|100%| O|  |TAMS 0x0000000081a00000, 0x0000000081900000| Untracked 
|  26|0x0000000081a00000, 0x0000000081b00000, 0x0000000081b00000|100%| O|  |TAMS 0x0000000081b00000, 0x0000000081a00000| Untracked 
|  27|0x0000000081b00000, 0x0000000081c00000, 0x0000000081c00000|100%| O|  |TAMS 0x0000000081c00000, 0x0000000081b00000| Untracked 
|  28|0x0000000081c00000, 0x0000000081d00000, 0x0000000081d00000|100%| O|  |TAMS 0x0000000081d00000, 0x0000000081c00000| Untracked 
|  29|0x0000000081d00000, 0x0000000081e00000, 0x0000000081e00000|100%| O|  |TAMS 0x0000000081e00000, 0x0000000081d00000| Untracked 
|  30|0x0000000081e00000, 0x0000000081f00000, 0x0000000081f00000|100%| O|  |TAMS 0x0000000081f00000, 0x0000000081e00000| Untracked 
|  31|0x0000000081f00000, 0x0000000082000000, 0x0000000082000000|100%| O|  |TAMS 0x0000000082000000, 0x0000000081f00000| Untracked 
|  32|0x0000000082000000, 0x0000000082100000, 0x0000000082100000|100%| O|  |TAMS 0x0000000082100000, 0x0000000082000000| Untracked 
|  33|0x0000000082100000, 0x0000000082200000, 0x0000000082200000|100%| O|  |TAMS 0x0000000082200000, 0x0000000082100000| Untracked 
|  34|0x0000000082200000, 0x0000000082300000, 0x0000000082300000|100%| O|  |TAMS 0x0000000082300000, 0x0000000082200000| Untracked 
|  35|0x0000000082300000, 0x0000000082400000, 0x0000000082400000|100%| O|  |TAMS 0x0000000082400000, 0x0000000082300000| Untracked 
|  36|0x0000000082400000, 0x0000000082500000, 0x0000000082500000|100%| O|  |TAMS 0x0000000082500000, 0x0000000082400000| Untracked 
|  37|0x0000000082500000, 0x0000000082600000, 0x0000000082600000|100%| O|  |TAMS 0x0000000082600000, 0x0000000082500000| Untracked 
|  38|0x0000000082600000, 0x0000000082700000, 0x0000000082700000|100%| O|  |TAMS 0x0000000082700000, 0x0000000082600000| Untracked 
|  39|0x0000000082700000, 0x0000000082800000, 0x0000000082800000|100%| O|  |TAMS 0x0000000082800000, 0x0000000082700000| Untracked 
|  40|0x0000000082800000, 0x0000000082900000, 0x0000000082900000|100%|HS|  |TAMS 0x0000000082900000, 0x0000000082800000| Complete 
|  41|0x0000000082900000, 0x0000000082a00000, 0x0000000082a00000|100%|HS|  |TAMS 0x0000000082a00000, 0x0000000082900000| Complete 
|  42|0x0000000082a00000, 0x0000000082b00000, 0x0000000082b00000|100%|HS|  |TAMS 0x0000000082b00000, 0x0000000082a00000| Complete 
|  43|0x0000000082b00000, 0x0000000082c00000, 0x0000000082c00000|100%|HC|  |TAMS 0x0000000082c00000, 0x0000000082b00000| Complete 
|  44|0x0000000082c00000, 0x0000000082d00000, 0x0000000082d00000|100%|HS|  |TAMS 0x0000000082d00000, 0x0000000082c00000| Complete 
|  45|0x0000000082d00000, 0x0000000082e00000, 0x0000000082e00000|100%|HC|  |TAMS 0x0000000082e00000, 0x0000000082d00000| Complete 
|  46|0x0000000082e00000, 0x0000000082f00000, 0x0000000082f00000|100%| O|  |TAMS 0x0000000082f00000, 0x0000000082e00000| Untracked 
|  47|0x0000000082f00000, 0x0000000083000000, 0x0000000083000000|100%| O|  |TAMS 0x0000000083000000, 0x0000000082f00000| Untracked 
|  48|0x0000000083000000, 0x0000000083100000, 0x0000000083100000|100%|HS|  |TAMS 0x0000000083100000, 0x0000000083000000| Complete 
|  49|0x0000000083100000, 0x0000000083200000, 0x0000000083200000|100%|HS|  |TAMS 0x0000000083200000, 0x0000000083100000| Complete 
|  50|0x0000000083200000, 0x0000000083300000, 0x0000000083300000|100%|HC|  |TAMS 0x0000000083300000, 0x0000000083200000| Complete 
|  51|0x0000000083300000, 0x0000000083400000, 0x0000000083400000|100%|HC|  |TAMS 0x0000000083400000, 0x0000000083300000| Complete 
|  52|0x0000000083400000, 0x0000000083500000, 0x0000000083500000|100%|HC|  |TAMS 0x0000000083500000, 0x0000000083400000| Complete 
|  53|0x0000000083500000, 0x0000000083600000, 0x0000000083600000|100%| O|  |TAMS 0x0000000083600000, 0x0000000083500000| Untracked 
|  54|0x0000000083600000, 0x0000000083700000, 0x0000000083700000|100%| O|  |TAMS 0x0000000083700000, 0x0000000083600000| Untracked 
|  55|0x0000000083700000, 0x0000000083800000, 0x0000000083800000|100%|HS|  |TAMS 0x0000000083800000, 0x0000000083700000| Complete 
|  56|0x0000000083800000, 0x0000000083900000, 0x0000000083900000|100%| O|  |TAMS 0x0000000083900000, 0x0000000083800000| Untracked 
|  57|0x0000000083900000, 0x000000008397a200, 0x0000000083a00000| 47%| O|  |TAMS 0x000000008397a200, 0x0000000083900000| Untracked 
|  58|0x0000000083a00000, 0x0000000083b00000, 0x0000000083b00000|100%|HS|  |TAMS 0x0000000083a00000, 0x0000000083a00000| Complete 
|  59|0x0000000083b00000, 0x0000000083b00000, 0x0000000083c00000|  0%| F|  |TAMS 0x0000000083b00000, 0x0000000083b00000| Untracked 
|  60|0x0000000083c00000, 0x0000000083c00000, 0x0000000083d00000|  0%| F|  |TAMS 0x0000000083c00000, 0x0000000083c00000| Untracked 
|  61|0x0000000083d00000, 0x0000000083d00000, 0x0000000083e00000|  0%| F|  |TAMS 0x0000000083d00000, 0x0000000083d00000| Untracked 
|  62|0x0000000083e00000, 0x0000000083e00000, 0x0000000083f00000|  0%| F|  |TAMS 0x0000000083e00000, 0x0000000083e00000| Untracked 
|  63|0x0000000083f00000, 0x0000000083f00000, 0x0000000084000000|  0%| F|  |TAMS 0x0000000083f00000, 0x0000000083f00000| Untracked 
|  64|0x0000000084000000, 0x0000000084000000, 0x0000000084100000|  0%| F|  |TAMS 0x0000000084000000, 0x0000000084000000| Untracked 
|  65|0x0000000084100000, 0x0000000084100000, 0x0000000084200000|  0%| F|  |TAMS 0x0000000084100000, 0x0000000084100000| Untracked 
|  66|0x0000000084200000, 0x0000000084200000, 0x0000000084300000|  0%| F|  |TAMS 0x0000000084200000, 0x0000000084200000| Untracked 
|  67|0x0000000084300000, 0x0000000084300000, 0x0000000084400000|  0%| F|  |TAMS 0x0000000084300000, 0x0000000084300000| Untracked 
|  68|0x0000000084400000, 0x0000000084400000, 0x0000000084500000|  0%| F|  |TAMS 0x0000000084400000, 0x0000000084400000| Untracked 
|  69|0x0000000084500000, 0x0000000084500000, 0x0000000084600000|  0%| F|  |TAMS 0x0000000084500000, 0x0000000084500000| Untracked 
|  70|0x0000000084600000, 0x0000000084600000, 0x0000000084700000|  0%| F|  |TAMS 0x0000000084600000, 0x0000000084600000| Untracked 
|  71|0x0000000084700000, 0x0000000084700000, 0x0000000084800000|  0%| F|  |TAMS 0x0000000084700000, 0x0000000084700000| Untracked 
|  72|0x0000000084800000, 0x0000000084800000, 0x0000000084900000|  0%| F|  |TAMS 0x0000000084800000, 0x0000000084800000| Untracked 
|  73|0x0000000084900000, 0x0000000084900000, 0x0000000084a00000|  0%| F|  |TAMS 0x0000000084900000, 0x0000000084900000| Untracked 
|  74|0x0000000084a00000, 0x0000000084a00000, 0x0000000084b00000|  0%| F|  |TAMS 0x0000000084a00000, 0x0000000084a00000| Untracked 
|  75|0x0000000084b00000, 0x0000000084b00000, 0x0000000084c00000|  0%| F|  |TAMS 0x0000000084b00000, 0x0000000084b00000| Untracked 
|  76|0x0000000084c00000, 0x0000000084c00000, 0x0000000084d00000|  0%| F|  |TAMS 0x0000000084c00000, 0x0000000084c00000| Untracked 
|  77|0x0000000084d00000, 0x0000000084d00000, 0x0000000084e00000|  0%| F|  |TAMS 0x0000000084d00000, 0x0000000084d00000| Untracked 
|  78|0x0000000084e00000, 0x0000000084e00000, 0x0000000084f00000|  0%| F|  |TAMS 0x0000000084e00000, 0x0000000084e00000| Untracked 
|  79|0x0000000084f00000, 0x0000000084f00000, 0x0000000085000000|  0%| F|  |TAMS 0x0000000084f00000, 0x0000000084f00000| Untracked 
|  80|0x0000000085000000, 0x0000000085000000, 0x0000000085100000|  0%| F|  |TAMS 0x0000000085000000, 0x0000000085000000| Untracked 
|  81|0x0000000085100000, 0x0000000085100000, 0x0000000085200000|  0%| F|  |TAMS 0x0000000085100000, 0x0000000085100000| Untracked 
|  82|0x0000000085200000, 0x0000000085200000, 0x0000000085300000|  0%| F|  |TAMS 0x0000000085200000, 0x0000000085200000| Untracked 
|  83|0x0000000085300000, 0x0000000085300000, 0x0000000085400000|  0%| F|  |TAMS 0x0000000085300000, 0x0000000085300000| Untracked 
|  84|0x0000000085400000, 0x0000000085400000, 0x0000000085500000|  0%| F|  |TAMS 0x0000000085400000, 0x0000000085400000| Untracked 
|  85|0x0000000085500000, 0x0000000085500000, 0x0000000085600000|  0%| F|  |TAMS 0x0000000085500000, 0x0000000085500000| Untracked 
|  86|0x0000000085600000, 0x0000000085600000, 0x0000000085700000|  0%| F|  |TAMS 0x0000000085600000, 0x0000000085600000| Untracked 
|  87|0x0000000085700000, 0x0000000085700000, 0x0000000085800000|  0%| F|  |TAMS 0x0000000085700000, 0x0000000085700000| Untracked 
|  88|0x0000000085800000, 0x0000000085800000, 0x0000000085900000|  0%| F|  |TAMS 0x0000000085800000, 0x0000000085800000| Untracked 
|  89|0x0000000085900000, 0x0000000085900000, 0x0000000085a00000|  0%| F|  |TAMS 0x0000000085900000, 0x0000000085900000| Untracked 
|  90|0x0000000085a00000, 0x0000000085a00000, 0x0000000085b00000|  0%| F|  |TAMS 0x0000000085a00000, 0x0000000085a00000| Untracked 
|  91|0x0000000085b00000, 0x0000000085b00000, 0x0000000085c00000|  0%| F|  |TAMS 0x0000000085b00000, 0x0000000085b00000| Untracked 
|  92|0x0000000085c00000, 0x0000000085c00000, 0x0000000085d00000|  0%| F|  |TAMS 0x0000000085c00000, 0x0000000085c00000| Untracked 
|  93|0x0000000085d00000, 0x0000000085d00000, 0x0000000085e00000|  0%| F|  |TAMS 0x0000000085d00000, 0x0000000085d00000| Untracked 
|  94|0x0000000085e00000, 0x0000000085e00000, 0x0000000085f00000|  0%| F|  |TAMS 0x0000000085e00000, 0x0000000085e00000| Untracked 
|  95|0x0000000085f00000, 0x0000000085f00000, 0x0000000086000000|  0%| F|  |TAMS 0x0000000085f00000, 0x0000000085f00000| Untracked 
|  96|0x0000000086000000, 0x0000000086000000, 0x0000000086100000|  0%| F|  |TAMS 0x0000000086000000, 0x0000000086000000| Untracked 
|  97|0x0000000086100000, 0x0000000086100000, 0x0000000086200000|  0%| F|  |TAMS 0x0000000086100000, 0x0000000086100000| Untracked 
|  98|0x0000000086200000, 0x0000000086200000, 0x0000000086300000|  0%| F|  |TAMS 0x0000000086200000, 0x0000000086200000| Untracked 
|  99|0x0000000086300000, 0x000000008637d3a8, 0x0000000086400000| 48%| S|CS|TAMS 0x0000000086300000, 0x0000000086300000| Complete 
| 100|0x0000000086400000, 0x0000000086500000, 0x0000000086500000|100%| S|CS|TAMS 0x0000000086400000, 0x0000000086400000| Complete 
| 101|0x0000000086500000, 0x0000000086600000, 0x0000000086600000|100%| S|CS|TAMS 0x0000000086500000, 0x0000000086500000| Complete 
| 102|0x0000000086600000, 0x0000000086600000, 0x0000000086700000|  0%| F|  |TAMS 0x0000000086600000, 0x0000000086600000| Untracked 
| 103|0x0000000086700000, 0x0000000086700000, 0x0000000086800000|  0%| F|  |TAMS 0x0000000086700000, 0x0000000086700000| Untracked 
| 104|0x0000000086800000, 0x0000000086800000, 0x0000000086900000|  0%| F|  |TAMS 0x0000000086800000, 0x0000000086800000| Untracked 
| 105|0x0000000086900000, 0x0000000086900000, 0x0000000086a00000|  0%| F|  |TAMS 0x0000000086900000, 0x0000000086900000| Untracked 
| 106|0x0000000086a00000, 0x0000000086a52110, 0x0000000086b00000| 32%| E|  |TAMS 0x0000000086a00000, 0x0000000086a00000| Complete 
| 107|0x0000000086b00000, 0x0000000086c00000, 0x0000000086c00000|100%| E|CS|TAMS 0x0000000086b00000, 0x0000000086b00000| Complete 
| 108|0x0000000086c00000, 0x0000000086d00000, 0x0000000086d00000|100%| E|CS|TAMS 0x0000000086c00000, 0x0000000086c00000| Complete 
| 109|0x0000000086d00000, 0x0000000086e00000, 0x0000000086e00000|100%| E|CS|TAMS 0x0000000086d00000, 0x0000000086d00000| Complete 
| 110|0x0000000086e00000, 0x0000000086f00000, 0x0000000086f00000|100%| E|CS|TAMS 0x0000000086e00000, 0x0000000086e00000| Complete 
| 111|0x0000000086f00000, 0x0000000087000000, 0x0000000087000000|100%| E|  |TAMS 0x0000000086f00000, 0x0000000086f00000| Complete 
| 112|0x0000000087000000, 0x0000000087100000, 0x0000000087100000|100%| E|CS|TAMS 0x0000000087000000, 0x0000000087000000| Complete 
| 113|0x0000000087100000, 0x0000000087200000, 0x0000000087200000|100%| E|CS|TAMS 0x0000000087100000, 0x0000000087100000| Complete 
| 114|0x0000000087200000, 0x0000000087300000, 0x0000000087300000|100%| E|CS|TAMS 0x0000000087200000, 0x0000000087200000| Complete 
| 115|0x0000000087300000, 0x0000000087400000, 0x0000000087400000|100%| E|CS|TAMS 0x0000000087300000, 0x0000000087300000| Complete 
| 116|0x0000000087400000, 0x0000000087500000, 0x0000000087500000|100%| E|CS|TAMS 0x0000000087400000, 0x0000000087400000| Complete 
| 117|0x0000000087500000, 0x0000000087600000, 0x0000000087600000|100%| E|CS|TAMS 0x0000000087500000, 0x0000000087500000| Complete 
| 127|0x0000000087f00000, 0x0000000088000000, 0x0000000088000000|100%| E|CS|TAMS 0x0000000087f00000, 0x0000000087f00000| Complete 

Card table byte_map: [0x00000230a8340000,0x00000230a8740000] _byte_map_base: 0x00000230a7f40000

Marking Bits (Prev, Next): (CMBitMap*) 0x000002309578eaf0, (CMBitMap*) 0x000002309578eab0
 Prev Bits: [0x00000230aab40000, 0x00000230acb40000)
 Next Bits: [0x00000230a8b40000, 0x00000230aab40000)

Polling page: 0x00000230935a0000

Metaspace:

Usage:
  Non-class:     55.01 MB used.
      Class:      8.63 MB used.
       Both:     63.64 MB used.

Virtual space:
  Non-class space:       64.00 MB reserved,      55.31 MB ( 86%) committed,  1 nodes.
      Class space:        1.00 GB reserved,       8.88 MB ( <1%) committed,  1 nodes.
             Both:        1.06 GB reserved,      64.19 MB (  6%) committed. 

Chunk freelists:
   Non-Class:  8.20 MB
       Class:  7.14 MB
        Both:  15.34 MB

MaxMetaspaceSize: unlimited
CompressedClassSpaceSize: 1.00 GB
Initial GC threshold: 21.00 MB
Current GC threshold: 105.44 MB
CDS: off
MetaspaceReclaimPolicy: balanced
 - commit_granule_bytes: 65536.
 - commit_granule_words: 8192.
 - virtual_space_node_default_size: 8388608.
 - enlarge_chunks_in_place: 1.
 - new_chunks_are_fully_committed: 0.
 - uncommit_free_chunks: 1.
 - use_allocation_guard: 0.
 - handle_deallocations: 1.


Internal statistics:

num_allocs_failed_limit: 9.
num_arena_births: 694.
num_arena_deaths: 0.
num_vsnodes_births: 2.
num_vsnodes_deaths: 0.
num_space_committed: 1027.
num_space_uncommitted: 0.
num_chunks_returned_to_freelist: 9.
num_chunks_taken_from_freelist: 2728.
num_chunk_merges: 3.
num_chunk_splits: 1809.
num_chunks_enlarged: 1233.
num_inconsistent_stats: 0.

CodeHeap 'non-profiled nmethods': size=120000Kb used=3317Kb max_used=3317Kb free=116682Kb
 bounds [0x00000230a06e0000, 0x00000230a0a20000, 0x00000230a7c10000]
CodeHeap 'profiled nmethods': size=120000Kb used=12529Kb max_used=12529Kb free=107471Kb
 bounds [0x0000023098c10000, 0x0000023099850000, 0x00000230a0140000]
CodeHeap 'non-nmethods': size=5760Kb used=1673Kb max_used=1745Kb free=4086Kb
 bounds [0x00000230a0140000, 0x00000230a03b0000, 0x00000230a06e0000]
 total_blobs=7461 nmethods=6707 adapters=666
 compilation: enabled
              stopped_count=0, restarted_count=0
 full_count=0

Compilation events (20 events):
Event: 77.280 Thread 0x00000230af746300 6802       3       java.lang.invoke.BoundMethodHandle::tooComplex (27 bytes)
Event: 77.281 Thread 0x00000230af746300 nmethod 6802 0x000002309983d910 code [0x000002309983dae0, 0x000002309983df38]
Event: 77.281 Thread 0x00000230af746300 6803       3       java.lang.invoke.BoundMethodHandle::fieldCount (8 bytes)
Event: 77.281 Thread 0x00000230af746300 nmethod 6803 0x000002309983e110 code [0x000002309983e2c0, 0x000002309983e598]
Event: 77.281 Thread 0x00000230af746300 6804       3       java.lang.invoke.LambdaForm::expressionCount (11 bytes)
Event: 77.281 Thread 0x00000230af746300 nmethod 6804 0x000002309983e690 code [0x000002309983e820, 0x000002309983e938]
Event: 77.281 Thread 0x00000230af746300 6805       3       java.lang.invoke.LambdaFormBuffer::insertName (106 bytes)
Event: 77.281 Thread 0x00000230af746300 nmethod 6805 0x000002309983ea10 code [0x000002309983ebc0, 0x000002309983edd8]
Event: 77.283 Thread 0x00000230af746300 6809       3       java.lang.invoke.InvokerBytecodeGenerator::addMethod (725 bytes)
Event: 77.287 Thread 0x00000230af746300 nmethod 6809 0x000002309983ee90 code [0x000002309983f3c0, 0x0000023099841778]
Event: 77.310 Thread 0x00000230af73d9e0 nmethod 6777 0x00000230a0a17490 code [0x00000230a0a17720, 0x00000230a0a1b848]
Event: 77.311 Thread 0x00000230af73d9e0 6792       4       jdk.internal.org.objectweb.asm.Frame::execute (2305 bytes)
Event: 77.314 Thread 0x00000230af746300 6810       3       java.lang.String::lastIndexOf (10 bytes)
Event: 77.315 Thread 0x00000230af746300 nmethod 6810 0x0000023099842390 code [0x0000023099842540, 0x0000023099842788]
Event: 77.315 Thread 0x00000230af746300 6811       3       jdk.internal.loader.URLClassPath::findResource (38 bytes)
Event: 77.315 Thread 0x00000230af746300 nmethod 6811 0x0000023099842890 code [0x0000023099842a60, 0x0000023099842d98]
Event: 77.340 Thread 0x00000230af746300 6812       3       org.gradle.internal.ImmutableActionSet::empty (10 bytes)
Event: 77.341 Thread 0x00000230af746300 nmethod 6812 0x0000023099842f10 code [0x00000230998430a0, 0x00000230998431f8]
Event: 77.446 Thread 0x00000230af746300 6814       3       org.gradle.internal.snapshot.impl.AbstractValueProcessor::processValue (775 bytes)
Event: 77.453 Thread 0x00000230af746300 nmethod 6814 0x0000023099843290 code [0x0000023099843cc0, 0x000002309984ae28]

GC Heap History (20 events):
Event: 47.390 GC heap before
{Heap before GC invocations=17 (full 0):
 garbage-first heap   total 71680K, used 51547K [0x0000000080000000, 0x0000000100000000)
  region size 1024K, 20 young (20480K), 3 survivors (3072K)
 Metaspace       used 60040K, committed 60480K, reserved 1114112K
  class space    used 8221K, committed 8448K, reserved 1048576K
}
Event: 47.399 GC heap after
{Heap after GC invocations=18 (full 0):
 garbage-first heap   total 71680K, used 37323K [0x0000000080000000, 0x0000000100000000)
  region size 1024K, 4 young (4096K), 4 survivors (4096K)
 Metaspace       used 60040K, committed 60480K, reserved 1114112K
  class space    used 8221K, committed 8448K, reserved 1048576K
}
Event: 49.557 GC heap before
{Heap before GC invocations=19 (full 0):
 garbage-first heap   total 71680K, used 57803K [0x0000000080000000, 0x0000000100000000)
  region size 1024K, 24 young (24576K), 4 survivors (4096K)
 Metaspace       used 62478K, committed 63040K, reserved 1114112K
  class space    used 8508K, committed 8768K, reserved 1048576K
}
Event: 49.567 GC heap after
{Heap after GC invocations=20 (full 0):
 garbage-first heap   total 71680K, used 40209K [0x0000000080000000, 0x0000000100000000)
  region size 1024K, 3 young (3072K), 3 survivors (3072K)
 Metaspace       used 62478K, committed 63040K, reserved 1114112K
  class space    used 8508K, committed 8768K, reserved 1048576K
}
Event: 50.028 GC heap before
{Heap before GC invocations=20 (full 0):
 garbage-first heap   total 71680K, used 54545K [0x0000000080000000, 0x0000000100000000)
  region size 1024K, 19 young (19456K), 3 survivors (3072K)
 Metaspace       used 62924K, committed 63552K, reserved 1114112K
  class space    used 8546K, committed 8832K, reserved 1048576K
}
Event: 50.033 GC heap after
{Heap after GC invocations=21 (full 0):
 garbage-first heap   total 71680K, used 41513K [0x0000000080000000, 0x0000000100000000)
  region size 1024K, 2 young (2048K), 2 survivors (2048K)
 Metaspace       used 62924K, committed 63552K, reserved 1114112K
  class space    used 8546K, committed 8832K, reserved 1048576K
}
Event: 50.194 GC heap before
{Heap before GC invocations=22 (full 0):
 garbage-first heap   total 75776K, used 42537K [0x0000000080000000, 0x0000000100000000)
  region size 1024K, 3 young (3072K), 2 survivors (2048K)
 Metaspace       used 62937K, committed 63552K, reserved 1114112K
  class space    used 8547K, committed 8832K, reserved 1048576K
}
Event: 50.197 GC heap after
{Heap after GC invocations=23 (full 0):
 garbage-first heap   total 75776K, used 42701K [0x0000000080000000, 0x0000000100000000)
  region size 1024K, 2 young (2048K), 2 survivors (2048K)
 Metaspace       used 62937K, committed 63552K, reserved 1114112K
  class space    used 8547K, committed 8832K, reserved 1048576K
}
Event: 55.889 GC heap before
{Heap before GC invocations=24 (full 0):
 garbage-first heap   total 76800K, used 43725K [0x0000000080000000, 0x0000000100000000)
  region size 1024K, 4 young (4096K), 2 survivors (2048K)
 Metaspace       used 62940K, committed 63552K, reserved 1114112K
  class space    used 8547K, committed 8832K, reserved 1048576K
}
Event: 55.892 GC heap after
{Heap after GC invocations=25 (full 0):
 garbage-first heap   total 76800K, used 44777K [0x0000000080000000, 0x0000000100000000)
  region size 1024K, 3 young (3072K), 3 survivors (3072K)
 Metaspace       used 62940K, committed 63552K, reserved 1114112K
  class space    used 8547K, committed 8832K, reserved 1048576K
}
Event: 56.024 GC heap before
{Heap before GC invocations=26 (full 0):
 garbage-first heap   total 86016K, used 49897K [0x0000000080000000, 0x0000000100000000)
  region size 1024K, 5 young (5120K), 3 survivors (3072K)
 Metaspace       used 62990K, committed 63552K, reserved 1114112K
  class space    used 8556K, committed 8832K, reserved 1048576K
}
Event: 56.028 GC heap after
{Heap after GC invocations=27 (full 0):
 garbage-first heap   total 86016K, used 49282K [0x0000000080000000, 0x0000000100000000)
  region size 1024K, 1 young (1024K), 1 survivors (1024K)
 Metaspace       used 62990K, committed 63552K, reserved 1114112K
  class space    used 8556K, committed 8832K, reserved 1048576K
}
Event: 64.978 GC heap before
{Heap before GC invocations=28 (full 0):
 garbage-first heap   total 87040K, used 51330K [0x0000000080000000, 0x0000000100000000)
  region size 1024K, 4 young (4096K), 1 survivors (1024K)
 Metaspace       used 63005K, committed 63552K, reserved 1114112K
  class space    used 8556K, committed 8832K, reserved 1048576K
}
Event: 64.980 GC heap after
{Heap after GC invocations=29 (full 0):
 garbage-first heap   total 87040K, used 52048K [0x0000000080000000, 0x0000000100000000)
  region size 1024K, 2 young (2048K), 2 survivors (2048K)
 Metaspace       used 63005K, committed 63552K, reserved 1114112K
  class space    used 8556K, committed 8832K, reserved 1048576K
}
Event: 65.882 GC heap before
{Heap before GC invocations=30 (full 0):
 garbage-first heap   total 96256K, used 56144K [0x0000000080000000, 0x0000000100000000)
  region size 1024K, 4 young (4096K), 2 survivors (2048K)
 Metaspace       used 63005K, committed 63552K, reserved 1114112K
  class space    used 8556K, committed 8832K, reserved 1048576K
}
Event: 65.886 GC heap after
{Heap after GC invocations=31 (full 0):
 garbage-first heap   total 96256K, used 58164K [0x0000000080000000, 0x0000000100000000)
  region size 1024K, 2 young (2048K), 2 survivors (2048K)
 Metaspace       used 63005K, committed 63552K, reserved 1114112K
  class space    used 8556K, committed 8832K, reserved 1048576K
}
Event: 75.386 GC heap before
{Heap before GC invocations=32 (full 0):
 garbage-first heap   total 101376K, used 61236K [0x0000000080000000, 0x0000000100000000)
  region size 1024K, 5 young (5120K), 2 survivors (2048K)
 Metaspace       used 63044K, committed 63616K, reserved 1114112K
  class space    used 8559K, committed 8832K, reserved 1048576K
}
Event: 75.390 GC heap after
{Heap after GC invocations=33 (full 0):
 garbage-first heap   total 121856K, used 59151K [0x0000000080000000, 0x0000000100000000)
  region size 1024K, 2 young (2048K), 2 survivors (2048K)
 Metaspace       used 63044K, committed 63616K, reserved 1114112K
  class space    used 8559K, committed 8832K, reserved 1048576K
}
Event: 76.785 GC heap before
{Heap before GC invocations=34 (full 0):
 garbage-first heap   total 121856K, used 75535K [0x0000000080000000, 0x0000000100000000)
  region size 1024K, 19 young (19456K), 2 survivors (2048K)
 Metaspace       used 64208K, committed 64704K, reserved 1114112K
  class space    used 8714K, committed 8960K, reserved 1048576K
}
Event: 76.792 GC heap after
{Heap after GC invocations=35 (full 0):
 garbage-first heap   total 121856K, used 61405K [0x0000000080000000, 0x0000000100000000)
  region size 1024K, 3 young (3072K), 3 survivors (3072K)
 Metaspace       used 64208K, committed 64704K, reserved 1114112K
  class space    used 8714K, committed 8960K, reserved 1048576K
}

Dll operation events (3 events):
Event: 0.048 Loaded shared library C:\Program Files\Android\Android Studio\jbr\bin\java.dll
Event: 0.293 Loaded shared library C:\Program Files\Android\Android Studio\jbr\bin\zip.dll
Event: 11.509 Loaded shared library C:\Program Files\Android\Android Studio\jbr\bin\verify.dll

Deoptimization events (20 events):
Event: 76.150 Thread 0x00000230b4276580 Uncommon trap: trap_request=0xffffffc6 fr.pc=0x00000230a09225e8 relative=0x0000000000000968
Event: 76.150 Thread 0x00000230b4276580 Uncommon trap: reason=bimorphic_or_optimized_type_check action=maybe_recompile pc=0x00000230a09225e8 method=java.io.BufferedInputStream.read1([BII)I @ 39 c2
Event: 76.150 Thread 0x00000230b4276580 DEOPT PACKING pc=0x00000230a09225e8 sp=0x000000e7a1bf7010
Event: 76.150 Thread 0x00000230b4276580 DEOPT UNPACKING pc=0x00000230a01969a3 sp=0x000000e7a1bf6f28 mode 2
Event: 76.150 Thread 0x00000230b4276580 Uncommon trap: trap_request=0xffffffc6 fr.pc=0x00000230a09225e8 relative=0x0000000000000968
Event: 76.150 Thread 0x00000230b4276580 Uncommon trap: reason=bimorphic_or_optimized_type_check action=maybe_recompile pc=0x00000230a09225e8 method=java.io.BufferedInputStream.read1([BII)I @ 39 c2
Event: 76.150 Thread 0x00000230b4276580 DEOPT PACKING pc=0x00000230a09225e8 sp=0x000000e7a1bf7010
Event: 76.150 Thread 0x00000230b4276580 DEOPT UNPACKING pc=0x00000230a01969a3 sp=0x000000e7a1bf6f28 mode 2
Event: 76.150 Thread 0x00000230b4276580 Uncommon trap: trap_request=0xffffffc6 fr.pc=0x00000230a09225e8 relative=0x0000000000000968
Event: 76.150 Thread 0x00000230b4276580 Uncommon trap: reason=bimorphic_or_optimized_type_check action=maybe_recompile pc=0x00000230a09225e8 method=java.io.BufferedInputStream.read1([BII)I @ 39 c2
Event: 76.150 Thread 0x00000230b4276580 DEOPT PACKING pc=0x00000230a09225e8 sp=0x000000e7a1bf7010
Event: 76.151 Thread 0x00000230b4276580 DEOPT UNPACKING pc=0x00000230a01969a3 sp=0x000000e7a1bf6f28 mode 2
Event: 76.547 Thread 0x00000230b4276580 Uncommon trap: trap_request=0xffffffde fr.pc=0x00000230a09487d8 relative=0x0000000000005e58
Event: 76.547 Thread 0x00000230b4276580 Uncommon trap: reason=class_check action=maybe_recompile pc=0x00000230a09487d8 method=java.util.jar.JarFile.getManifestFromReference()Ljava/util/jar/Manifest; @ 152 c2
Event: 76.547 Thread 0x00000230b4276580 DEOPT PACKING pc=0x00000230a09487d8 sp=0x000000e7a1bf6a40
Event: 76.547 Thread 0x00000230b4276580 DEOPT UNPACKING pc=0x00000230a01969a3 sp=0x000000e7a1bf6898 mode 2
Event: 77.224 Thread 0x00000230b4276580 DEOPT PACKING pc=0x000002309956a2c2 sp=0x000000e7a1bf5ce0
Event: 77.224 Thread 0x00000230b4276580 DEOPT UNPACKING pc=0x00000230a0197143 sp=0x000000e7a1bf51f0 mode 0
Event: 77.323 Thread 0x00000230b4276580 DEOPT PACKING pc=0x0000023098f622ce sp=0x000000e7a1bf71f0
Event: 77.324 Thread 0x00000230b4276580 DEOPT UNPACKING pc=0x00000230a0197143 sp=0x000000e7a1bf66b8 mode 0

Classes unloaded (0 events):
No events

Classes redefined (0 events):
No events

Internal exceptions (20 events):
Event: 46.603 Thread 0x00000230b4276580 Exception <a 'java/lang/NoSuchMethodError'{0x00000000834a2e20}: 'java.lang.Object java.lang.invoke.DirectMethodHandle$Holder.invokeSpecial(java.lang.Object, java.lang.Object, java.lang.Object, java.lang.Object, java.lang.Object, long)'> (0x00000000834a2e20) 
thrown [s\src\hotspot\share\interpreter\linkResolver.cpp, line 771]
Event: 46.605 Thread 0x00000230b4276580 Exception <a 'java/lang/NoSuchMethodError'{0x00000000834c54a8}: 'void java.lang.invoke.DirectMethodHandle$Holder.invokeStatic(java.lang.Object, java.lang.Object, java.lang.Object, int, java.lang.Object)'> (0x00000000834c54a8) 
thrown [s\src\hotspot\share\interpreter\linkResolver.cpp, line 771]
Event: 46.630 Thread 0x00000230b4276580 Implicit null exception at 0x00000230a0723472 to 0x00000230a0723a8c
Event: 46.706 Thread 0x00000230b4276580 Exception <a 'sun/nio/fs/WindowsException'{0x00000000831d3f90}> (0x00000000831d3f90) 
thrown [s\src\hotspot\share\prims\jni.cpp, line 517]
Event: 47.984 Thread 0x00000230b4276580 Implicit null exception at 0x00000230a0748ed2 to 0x00000230a07494d0
Event: 49.865 Thread 0x00000230b4276580 Exception <a 'java/lang/NoSuchMethodError'{0x0000000083a8e438}: 'long java.lang.invoke.DirectMethodHandle$Holder.invokeVirtual(java.lang.Object, java.lang.Object)'> (0x0000000083a8e438) 
thrown [s\src\hotspot\share\interpreter\linkResolver.cpp, line 771]
Event: 49.871 Thread 0x00000230b4275650 Exception <a 'java/lang/NoSuchMethodError'{0x0000000083902028}: static Lorg/gradle/internal/build/event/types/DefaultOperationFinishedProgressEvent;.<clinit>()V> (0x0000000083902028) 
thrown [s\src\hotspot\share\prims\jni.cpp, line 1108]
Event: 49.876 Thread 0x00000230b4275650 Exception <a 'java/lang/NoSuchMethodError'{0x000000008392fe60}: static Lorg/gradle/internal/build/event/types/DefaultProjectConfigurationSuccessResult;.<clinit>()V> (0x000000008392fe60) 
thrown [s\src\hotspot\share\prims\jni.cpp, line 1108]
Event: 49.876 Thread 0x00000230b4275650 Exception <a 'java/lang/NoSuchMethodError'{0x00000000839313f8}: static Lorg/gradle/internal/build/event/types/AbstractProjectConfigurationResult;.<clinit>()V> (0x00000000839313f8) 
thrown [s\src\hotspot\share\prims\jni.cpp, line 1108]
Event: 49.876 Thread 0x00000230b4275650 Exception <a 'java/lang/NoSuchMethodError'{0x0000000083932b40}: static Lorg/gradle/internal/build/event/types/AbstractOperationResult;.<clinit>()V> (0x0000000083932b40) 
thrown [s\src\hotspot\share\prims\jni.cpp, line 1108]
Event: 49.876 Thread 0x00000230b4275650 Exception <a 'java/lang/NoSuchMethodError'{0x0000000083933fb8}: static Lorg/gradle/internal/build/event/types/AbstractResult;.<clinit>()V> (0x0000000083933fb8) 
thrown [s\src\hotspot\share\prims\jni.cpp, line 1108]
Event: 49.880 Thread 0x00000230b4275650 Exception <a 'java/lang/NoSuchMethodError'{0x000000008394ccf8}: static Lorg/gradle/internal/build/event/types/DefaultPluginApplicationResult;.<clinit>()V> (0x000000008394ccf8) 
thrown [s\src\hotspot\share\prims\jni.cpp, line 1108]
Event: 49.881 Thread 0x00000230b4275650 Exception <a 'java/lang/NoSuchMethodError'{0x00000000839596e8}: static Lorg/gradle/internal/build/event/types/DefaultBinaryPluginIdentifier;.<clinit>()V> (0x00000000839596e8) 
thrown [s\src\hotspot\share\prims\jni.cpp, line 1108]
Event: 49.885 Thread 0x00000230b4275650 Exception <a 'java/lang/NoSuchMethodError'{0x0000000083973798}: static Lorg/gradle/internal/build/event/types/DefaultScriptPluginIdentifier;.<clinit>()V> (0x0000000083973798) 
thrown [s\src\hotspot\share\prims\jni.cpp, line 1108]
Event: 49.989 Thread 0x00000230b4276580 Implicit null exception at 0x00000230a09a588f to 0x00000230a09a6144
Event: 49.989 Thread 0x00000230b4276580 Implicit null exception at 0x00000230a09a7f16 to 0x00000230a09a87c4
Event: 56.001 Thread 0x00000230b4276580 Exception <a 'java/lang/NoSuchMethodError'{0x000000008520df20}: 'void java.lang.invoke.Invokers$Holder.invoke_MT(java.lang.Object, java.lang.Object, java.lang.Object, java.lang.Object)'> (0x000000008520df20) 
thrown [s\src\hotspot\share\interpreter\linkResolver.cpp, line 771]
Event: 75.349 Thread 0x00000230b4276580 Exception <a 'java/lang/ClassNotFoundException'{0x000000008604a6d0}: sun/misc/SharedSecrets> (0x000000008604a6d0) 
thrown [s\src\hotspot\share\classfile\systemDictionary.cpp, line 256]
Event: 75.350 Thread 0x00000230b4276580 Exception <a 'java/lang/ClassNotFoundException'{0x000000008604bca8}: org/gradle/api/internal/plugins/DefaultObjectConfigurationActionBeanInfo> (0x000000008604bca8) 
thrown [s\src\hotspot\share\classfile\systemDictionary.cpp, line 256]
Event: 75.353 Thread 0x00000230b4276580 Exception <a 'java/lang/ClassNotFoundException'{0x00000000860627a8}: org/gradle/api/internal/plugins/DefaultObjectConfigurationActionCustomizer> (0x00000000860627a8) 
thrown [s\src\hotspot\share\classfile\systemDictionary.cpp, line 256]

VM Operations (20 events):
Event: 66.001 Executing VM operation: G1PauseCleanup
Event: 66.001 Executing VM operation: G1PauseCleanup done
Event: 69.032 Executing VM operation: Cleanup
Event: 69.032 Executing VM operation: Cleanup done
Event: 75.059 Executing VM operation: Cleanup
Event: 75.059 Executing VM operation: Cleanup done
Event: 75.386 Executing VM operation: G1TryInitiateConcMark
Event: 75.391 Executing VM operation: G1TryInitiateConcMark done
Event: 75.464 Executing VM operation: G1PauseRemark
Event: 75.476 Executing VM operation: G1PauseRemark done
Event: 75.507 Executing VM operation: G1PauseCleanup
Event: 75.509 Executing VM operation: G1PauseCleanup done
Event: 76.514 Executing VM operation: Cleanup
Event: 76.514 Executing VM operation: Cleanup done
Event: 76.785 Executing VM operation: G1TryInitiateConcMark
Event: 76.792 Executing VM operation: G1TryInitiateConcMark done
Event: 76.859 Executing VM operation: G1PauseRemark
Event: 76.865 Executing VM operation: G1PauseRemark done
Event: 76.892 Executing VM operation: G1PauseCleanup
Event: 76.892 Executing VM operation: G1PauseCleanup done

Events (20 events):
Event: 49.530 Thread 0x00000230b6040460 Thread added: 0x00000230b6040460
Event: 49.530 Thread 0x00000230b6042ce0 Thread added: 0x00000230b6042ce0
Event: 49.531 Thread 0x00000230b60431f0 Thread added: 0x00000230b60431f0
Event: 49.531 Thread 0x00000230b6043700 Thread added: 0x00000230b6043700
Event: 49.569 loading class sun/security/ssl/Alert
Event: 49.569 loading class sun/security/ssl/Alert done
Event: 49.570 loading class sun/security/ssl/Alert$AlertConsumer
Event: 49.570 loading class sun/security/ssl/Alert$AlertConsumer done
Event: 49.570 loading class sun/security/ssl/Alert$Level
Event: 49.570 loading class sun/security/ssl/Alert$Level done
Event: 49.754 Thread 0x00000230b6043c10 Thread added: 0x00000230b6043c10
Event: 49.754 Thread 0x00000230b6040970 Thread added: 0x00000230b6040970
Event: 49.867 loading class java/util/stream/SortedOps$RefSortingSink
Event: 49.868 loading class java/util/stream/SortedOps$RefSortingSink done
Event: 49.883 loading class java/time/Ser
Event: 49.884 loading class java/time/Ser done
Event: 75.349 loading class sun/misc/SharedSecrets
Event: 75.349 loading class sun/misc/SharedSecrets done
Event: 77.256 loading class java/util/regex/Pattern$1
Event: 77.256 loading class java/util/regex/Pattern$1 done


Dynamic libraries:
0x00007ff63ac00000 - 0x00007ff63ac0a000 	C:\Program Files\Android\Android Studio\jbr\bin\java.exe
0x00007ff8cd270000 - 0x00007ff8cd468000 	C:\Windows\SYSTEM32\ntdll.dll
0x00007ff888830000 - 0x00007ff888849000 	C:\Program Files\Avast Software\Avast\aswhook.dll
0x00007ff8cb440000 - 0x00007ff8cb4fd000 	C:\Windows\System32\KERNEL32.DLL
0x00007ff8cae80000 - 0x00007ff8cb176000 	C:\Windows\System32\KERNELBASE.dll
0x00007ff8cac60000 - 0x00007ff8cad60000 	C:\Windows\System32\ucrtbase.dll
0x00007ff8b6fb0000 - 0x00007ff8b6fc7000 	C:\Program Files\Android\Android Studio\jbr\bin\jli.dll
0x00007ff8a8ec0000 - 0x00007ff8a8edb000 	C:\Program Files\Android\Android Studio\jbr\bin\VCRUNTIME140.dll
0x00007ff8cb2a0000 - 0x00007ff8cb43f000 	C:\Windows\System32\USER32.dll
0x00007ff8cab00000 - 0x00007ff8cab22000 	C:\Windows\System32\win32u.dll
0x00007ff8b9b40000 - 0x00007ff8b9dda000 	C:\Windows\WinSxS\amd64_microsoft.windows.common-controls_6595b64144ccf1df_6.0.19041.3636_none_60b6a03d71f818d5\COMCTL32.dll
0x00007ff8cc4e0000 - 0x00007ff8cc50b000 	C:\Windows\System32\GDI32.dll
0x00007ff8cc810000 - 0x00007ff8cc8ae000 	C:\Windows\System32\msvcrt.dll
0x00007ff8cb180000 - 0x00007ff8cb297000 	C:\Windows\System32\gdi32full.dll
0x00007ff8cab30000 - 0x00007ff8cabcd000 	C:\Windows\System32\msvcp_win.dll
0x00007ff8cd0d0000 - 0x00007ff8cd102000 	C:\Windows\System32\IMM32.DLL
0x00007ff8a8ae0000 - 0x00007ff8a8aec000 	C:\Program Files\Android\Android Studio\jbr\bin\vcruntime140_1.dll
0x00007ff88d050000 - 0x00007ff88d0dd000 	C:\Program Files\Android\Android Studio\jbr\bin\msvcp140.dll
0x00007ff87fc40000 - 0x00007ff8808c3000 	C:\Program Files\Android\Android Studio\jbr\bin\server\jvm.dll
0x00007ff8cd110000 - 0x00007ff8cd1c0000 	C:\Windows\System32\ADVAPI32.dll
0x00007ff8cc770000 - 0x00007ff8cc810000 	C:\Windows\System32\sechost.dll
0x00007ff8cb5b0000 - 0x00007ff8cb6d3000 	C:\Windows\System32\RPCRT4.dll
0x00007ff8caad0000 - 0x00007ff8caaf7000 	C:\Windows\System32\bcrypt.dll
0x00007ff8ca780000 - 0x00007ff8ca7cb000 	C:\Windows\SYSTEM32\POWRPROF.dll
0x00007ff8b80f0000 - 0x00007ff8b80f9000 	C:\Windows\SYSTEM32\WSOCK32.dll
0x00007ff8b9960000 - 0x00007ff8b9987000 	C:\Windows\SYSTEM32\WINMM.dll
0x00007ff8c1ac0000 - 0x00007ff8c1aca000 	C:\Windows\SYSTEM32\VERSION.dll
0x00007ff8cbbb0000 - 0x00007ff8cbc1b000 	C:\Windows\System32\WS2_32.dll
0x00007ff8ca760000 - 0x00007ff8ca772000 	C:\Windows\SYSTEM32\UMPDC.dll
0x00007ff8c9140000 - 0x00007ff8c9152000 	C:\Windows\SYSTEM32\kernel.appcore.dll
0x00007ff8c2f40000 - 0x00007ff8c2f4a000 	C:\Program Files\Android\Android Studio\jbr\bin\jimage.dll
0x00007ff8c5510000 - 0x00007ff8c56f4000 	C:\Windows\SYSTEM32\DBGHELP.DLL
0x00007ff8bfa60000 - 0x00007ff8bfa94000 	C:\Windows\SYSTEM32\dbgcore.DLL
0x00007ff8cabd0000 - 0x00007ff8cac52000 	C:\Windows\System32\bcryptPrimitives.dll
0x00007ff8c2e10000 - 0x00007ff8c2e1e000 	C:\Program Files\Android\Android Studio\jbr\bin\instrument.dll
0x00007ff8be900000 - 0x00007ff8be925000 	C:\Program Files\Android\Android Studio\jbr\bin\java.dll
0x00007ff8c23d0000 - 0x00007ff8c23e8000 	C:\Program Files\Android\Android Studio\jbr\bin\zip.dll
0x00007ff8cbc20000 - 0x00007ff8cc38b000 	C:\Windows\System32\SHELL32.dll
0x00007ff8c8960000 - 0x00007ff8c90fe000 	C:\Windows\SYSTEM32\windows.storage.dll
0x00007ff8ccaf0000 - 0x00007ff8cce43000 	C:\Windows\System32\combase.dll
0x00007ff8ca280000 - 0x00007ff8ca2ae000 	C:\Windows\SYSTEM32\Wldp.dll
0x00007ff8cc690000 - 0x00007ff8cc75d000 	C:\Windows\System32\OLEAUT32.dll
0x00007ff8cce50000 - 0x00007ff8ccefd000 	C:\Windows\System32\SHCORE.dll
0x00007ff8cc630000 - 0x00007ff8cc685000 	C:\Windows\System32\shlwapi.dll
0x00007ff8ca850000 - 0x00007ff8ca873000 	C:\Windows\SYSTEM32\profapi.dll
0x00007ff8bfac0000 - 0x00007ff8bfad9000 	C:\Program Files\Android\Android Studio\jbr\bin\net.dll
0x00007ff8c0330000 - 0x00007ff8c043a000 	C:\Windows\SYSTEM32\WINHTTP.dll
0x00007ff8c9fe0000 - 0x00007ff8ca04a000 	C:\Windows\system32\mswsock.dll
0x00007ff8bfa00000 - 0x00007ff8bfa16000 	C:\Program Files\Android\Android Studio\jbr\bin\nio.dll
0x00007ff8c2e90000 - 0x00007ff8c2ea0000 	C:\Program Files\Android\Android Studio\jbr\bin\verify.dll
0x00007ff8a71e0000 - 0x00007ff8a7207000 	C:\Users\PC\.gradle\native\c067742578af261105cb4f569cf0c3c89f3d7b1fecec35dd04571415982c5e48\windows-amd64\native-platform.dll
0x00007ff880fe0000 - 0x00007ff881124000 	C:\Users\PC\.gradle\native\38dada09dfb8b06ba9b0570ebf7e218e3eb74d4ef43ca46872605cf95ebc2f47\windows-amd64\native-platform-file-events.dll
0x00007ff8c2ee0000 - 0x00007ff8c2ee9000 	C:\Program Files\Android\Android Studio\jbr\bin\management.dll
0x00007ff8c2ec0000 - 0x00007ff8c2ecb000 	C:\Program Files\Android\Android Studio\jbr\bin\management_ext.dll
0x00007ff8cd1c0000 - 0x00007ff8cd1c8000 	C:\Windows\System32\PSAPI.DLL
0x00007ff8ca1d0000 - 0x00007ff8ca1e8000 	C:\Windows\SYSTEM32\CRYPTSP.dll
0x00007ff8c9900000 - 0x00007ff8c9934000 	C:\Windows\system32\rsaenh.dll
0x00007ff8ca810000 - 0x00007ff8ca83e000 	C:\Windows\SYSTEM32\USERENV.dll
0x00007ff8ca1f0000 - 0x00007ff8ca1fc000 	C:\Windows\SYSTEM32\CRYPTBASE.dll
0x00007ff8c9cc0000 - 0x00007ff8c9cfb000 	C:\Windows\SYSTEM32\IPHLPAPI.DLL
0x00007ff8cc760000 - 0x00007ff8cc768000 	C:\Windows\System32\NSI.dll
0x00007ff8c0540000 - 0x00007ff8c0557000 	C:\Windows\SYSTEM32\dhcpcsvc6.DLL
0x00007ff8c1250000 - 0x00007ff8c126d000 	C:\Windows\SYSTEM32\dhcpcsvc.DLL
0x00007ff8c9d00000 - 0x00007ff8c9dcb000 	C:\Windows\SYSTEM32\DNSAPI.dll
0x00007ff8c2f30000 - 0x00007ff8c2f37000 	C:\Windows\system32\wshunix.dll
0x00007ff8b91d0000 - 0x00007ff8b91da000 	C:\Windows\System32\rasadhlp.dll
0x00007ff8b96a0000 - 0x00007ff8b9720000 	C:\Windows\System32\fwpuclnt.dll

dbghelp: loaded successfully - version: 4.0.5 - missing functions: none
symbol engine: initialized successfully - sym options: 0x614 - pdb path: .;C:\Program Files\Android\Android Studio\jbr\bin;C:\Windows\SYSTEM32;C:\Program Files\Avast Software\Avast;C:\Windows\WinSxS\amd64_microsoft.windows.common-controls_6595b64144ccf1df_6.0.19041.3636_none_60b6a03d71f818d5;C:\Program Files\Android\Android Studio\jbr\bin\server;C:\Users\PC\.gradle\native\c067742578af261105cb4f569cf0c3c89f3d7b1fecec35dd04571415982c5e48\windows-amd64;C:\Users\PC\.gradle\native\38dada09dfb8b06ba9b0570ebf7e218e3eb74d4ef43ca46872605cf95ebc2f47\windows-amd64

VM Arguments:
jvm_args: --add-opens=java.base/java.util=ALL-UNNAMED --add-opens=java.base/java.lang=ALL-UNNAMED --add-opens=java.base/java.lang.invoke=ALL-UNNAMED --add-opens=java.prefs/java.util.prefs=ALL-UNNAMED --add-opens=java.base/java.nio.charset=ALL-UNNAMED --add-opens=java.base/java.net=ALL-UNNAMED --add-opens=java.base/java.util.concurrent.atomic=ALL-UNNAMED -Xmx2048m -Dfile.encoding=UTF-8 -Duser.country=FR -Duser.language=fr -Duser.variant -javaagent:C:\Users\PC\.gradle\wrapper\dists\gradle-8.4-bin\1w5dpkrfk8irigvoxmyhowfim\gradle-8.4\lib\agents\gradle-instrumentation-agent-8.4.jar 
java_command: org.gradle.launcher.daemon.bootstrap.GradleDaemon 8.4
java_class_path (initial): C:\Users\PC\.gradle\wrapper\dists\gradle-8.4-bin\1w5dpkrfk8irigvoxmyhowfim\gradle-8.4\lib\gradle-launcher-8.4.jar
Launcher Type: SUN_STANDARD

[Global flags]
     intx CICompilerCount                          = 4                                         {product} {ergonomic}
     uint ConcGCThreads                            = 2                                         {product} {ergonomic}
     uint G1ConcRefinementThreads                  = 8                                         {product} {ergonomic}
   size_t G1HeapRegionSize                         = 1048576                                   {product} {ergonomic}
    uintx GCDrainStackTargetSize                   = 64                                        {product} {ergonomic}
   size_t InitialHeapSize                          = 134217728                                 {product} {ergonomic}
   size_t MarkStackSize                            = 4194304                                   {product} {ergonomic}
   size_t MaxHeapSize                              = 2147483648                                {product} {command line}
   size_t MaxNewSize                               = 1287651328                                {product} {ergonomic}
   size_t MinHeapDeltaBytes                        = 1048576                                   {product} {ergonomic}
   size_t MinHeapSize                              = 8388608                                   {product} {ergonomic}
    uintx NonNMethodCodeHeapSize                   = 5839372                                {pd product} {ergonomic}
    uintx NonProfiledCodeHeapSize                  = 122909434                              {pd product} {ergonomic}
    uintx ProfiledCodeHeapSize                     = 122909434                              {pd product} {ergonomic}
    uintx ReservedCodeCacheSize                    = 251658240                              {pd product} {ergonomic}
     bool SegmentedCodeCache                       = true                                      {product} {ergonomic}
   size_t SoftMaxHeapSize                          = 2147483648                             {manageable} {ergonomic}
     bool UseCompressedClassPointers               = true                           {product lp64_product} {ergonomic}
     bool UseCompressedOops                        = true                           {product lp64_product} {ergonomic}
     bool UseG1GC                                  = true                                      {product} {ergonomic}
     bool UseLargePagesIndividualAllocation        = false                                  {pd product} {ergonomic}

Logging:
Log output configuration:
 #0: stdout all=warning uptime,level,tags
 #1: stderr all=off uptime,level,tags

Environment Variables:
JAVA_HOME=C:\Program Files\Java\jdk-17
PATH=C:\Python312\Scripts\;C:\Python312\;C:\ProgramData\Oracle\Java\javapath;C:\Program Files\Common Files\Oracle\Java\javapath;C:\Windows\system32;C:\Windows;C:\Windows\System32\Wbem;C:\Windows\System32\WindowsPowerShell\v1.0\;C:\Windows\System32\OpenSSH\;C:\Program Files (x86)\Intel\Intel(R) Management Engine Components\DAL;C:\Program Files\Intel\Intel(R) Management Engine Components\DAL;C:\Program Files\nodejs\;C:\ProgramData\chocolatey\bin;C:\Users\PC\AppData\Local\Android\Sdk\platform-tools;C:\Users\PC\AppData\Local\Android\Sdk\cmdline-tools\latest\bin;C:\Users\PC\AppData\Local\Android\Sdk\build-tools;C:\Users\PC\AppData\Local\Android\Sdk\emulator;C:\Windows\System32\WindowsPowerShell\v1.0;C:\Gradle\gradle-7.6.4-bin\gradle-7.6.4\bin;C:\Program Files\Git\cmd;C:\Users\PC\AppData\Local\Microsoft\WindowsApps;;C:\Users\PC\AppData\Local\Programs\Microsoft VS Code\bin;C:\Users\PC\AppData\Roaming\npm
USERNAME=PC
OS=Windows_NT
PROCESSOR_IDENTIFIER=Intel64 Family 6 Model 142 Stepping 10, GenuineIntel
TMP=C:\Users\PC\AppData\Local\Temp
TEMP=C:\Users\PC\AppData\Local\Temp



Periodic native trim disabled

JNI global refs:
JNI global refs: 26, weak refs: 3

JNI global refs memory usage: 843, weak refs: 841

OOME stack traces (most recent first):
Classloader memory used:
Loader org.gradle.internal.classloader.VisitableURLClassLoader                         : 3449K
Loader bootstrap                                                                       : 3087K
Loader org.gradle.initialization.MixInLegacyTypesClassLoader                           : 1217K
Loader org.gradle.internal.classloader.VisitableURLClassLoader$InstrumentingVisitableURLClassLoader: 232K
Loader jdk.internal.loader.ClassLoaders$PlatformClassLoader                            : 100K
Loader jdk.internal.loader.ClassLoaders$AppClassLoader                                 : 28451B
Loader jdk.internal.reflect.DelegatingClassLoader                                      : 25542B
Loader org.gradle.internal.classloader.VisitableURLClassLoader                         : 12786B

Classes loaded by more than one classloader:
Class Program                                                                         : loaded 4 times (x 72B)
Class com.google.common.collect.SingletonImmutableList                                : loaded 2 times (x 167B)
Class org.gradle.internal.classpath.ClassPath                                         : loaded 2 times (x 68B)
Class org.gradle.api.internal.classpath.DefaultModuleRegistry                         : loaded 2 times (x 84B)
Class Settings_gradle$1$1                                                             : loaded 2 times (x 72B)
Class com.google.common.collect.ListMultimap                                          : loaded 2 times (x 68B)
Class com.google.common.base.CharMatcher$JavaDigit                                    : loaded 2 times (x 109B)
Class com.google.common.base.CharMatcher$Digit                                        : loaded 2 times (x 110B)
Class com.google.common.collect.AbstractMultimap                                      : loaded 2 times (x 121B)
Class org.gradle.api.Action                                                           : loaded 2 times (x 68B)
Class com.google.common.collect.ImmutableEntry                                        : loaded 2 times (x 80B)
Class com.google.common.collect.Lists$StringAsImmutableList                           : loaded 2 times (x 167B)
Class com.google.common.base.CharMatcher                                              : loaded 2 times (x 109B)
Class com.google.common.base.CharMatcher$IsNot                                        : loaded 2 times (x 109B)
Class com.google.common.base.Splitter                                                 : loaded 2 times (x 70B)
Class org.gradle.api.internal.DefaultClassPathProvider                                : loaded 2 times (x 74B)
Class org.gradle.internal.installation.GradleInstallation$1                           : loaded 2 times (x 73B)
Class com.google.common.base.CharMatcher$BitSetMatcher                                : loaded 2 times (x 110B)
Class com.google.common.collect.ImmutableMap$IteratorBasedImmutableMap                : loaded 2 times (x 123B)
Class com.google.common.collect.ImmutableMap                                          : loaded 2 times (x 118B)
Class com.google.common.base.Converter                                                : loaded 2 times (x 88B)
Class com.google.common.base.Predicate                                                : loaded 2 times (x 68B)
Class org.gradle.internal.classloader.FilteringClassLoader                            : loaded 2 times (x 103B)
Class com.google.common.collect.RegularImmutableSet                                   : loaded 2 times (x 146B)
Class org.gradle.internal.classpath.DefaultClassPath$ImmutableUniqueList$Builder      : loaded 2 times (x 73B)
Class com.google.common.collect.Maps$8                                                : loaded 2 times (x 80B)
Class com.google.common.base.PatternCompiler                                          : loaded 2 times (x 68B)
Class com.google.common.base.CharMatcher$InRange                                      : loaded 2 times (x 109B)
Class com.google.common.collect.BiMap                                                 : loaded 2 times (x 68B)
Class com.google.common.collect.Lists                                                 : loaded 2 times (x 69B)
Class org.gradle.internal.classloader.ClassLoaderVisitor                              : loaded 2 times (x 74B)
Class org.gradle.internal.service.DefaultServiceLocator                               : loaded 2 times (x 81B)
Class org.gradle.internal.service.UnknownServiceException                             : loaded 2 times (x 81B)
Class com.google.common.collect.ArrayListMultimap                                     : loaded 2 times (x 170B)
Class com.google.common.base.Strings                                                  : loaded 2 times (x 69B)
Class org.gradle.internal.classloader.DefaultClassLoaderFactory                       : loaded 2 times (x 80B)
Class com.google.common.collect.UnmodifiableIterator                                  : loaded 2 times (x 78B)
Class com.google.common.base.Platform$JdkPatternCompiler                              : loaded 2 times (x 73B)
Class com.google.common.base.CharMatcher$SingleWidth                                  : loaded 2 times (x 110B)
Class com.google.common.base.JdkPattern                                               : loaded 2 times (x 73B)
Class com.google.common.collect.Multimap                                              : loaded 2 times (x 68B)
Class org.gradle.internal.classloader.VisitableURLClassLoader$Spec                    : loaded 2 times (x 72B)
Class org.gradle.api.GradleException                                                  : loaded 2 times (x 80B)
Class com.google.common.base.CharMatcher$JavaLetterOrDigit                            : loaded 2 times (x 109B)
Class org.gradle.api.internal.classpath.ModuleRegistry                                : loaded 2 times (x 68B)
Class com.google.common.collect.ImmutableCollection                                   : loaded 2 times (x 123B)
Class org.gradle.api.internal.ClassPathProvider                                       : loaded 2 times (x 68B)
Class com.google.common.collect.RegularImmutableMap$Values                            : loaded 2 times (x 167B)
Class org.gradle.internal.classloader.ClasspathUtil$1                                 : loaded 2 times (x 74B)
Class com.google.common.collect.ImmutableEnumMap                                      : loaded 2 times (x 123B)
Class com.google.common.collect.ImmutableList$ReverseImmutableList                    : loaded 2 times (x 168B)
Class org.gradle.internal.classloader.ClassLoaderFactory                              : loaded 2 times (x 68B)
Class com.google.common.collect.ObjectArrays                                          : loaded 2 times (x 69B)
Class com.google.common.collect.ImmutableList                                         : loaded 2 times (x 166B)
Class org.gradle.api.internal.classpath.ManifestUtil                                  : loaded 2 times (x 69B)
Class org.gradle.api.specs.Spec                                                       : loaded 2 times (x 68B)
Class com.google.common.base.CharMatcher$Whitespace                                   : loaded 2 times (x 110B)
Class com.google.common.collect.RegularImmutableMap$BucketOverflowException           : loaded 2 times (x 80B)
Class com.google.common.base.Preconditions                                            : loaded 2 times (x 69B)
Class com.google.common.base.Function                                                 : loaded 2 times (x 68B)
Class org.gradle.internal.IoActions                                                   : loaded 2 times (x 69B)
Class com.google.common.collect.RegularImmutableMap$KeySet                            : loaded 2 times (x 148B)
Class com.google.common.collect.CollectPreconditions                                  : loaded 2 times (x 69B)
Class com.google.common.collect.Maps                                                  : loaded 2 times (x 69B)
Class com.google.common.collect.RegularImmutableMap                                   : loaded 2 times (x 119B)
Class com.google.common.collect.AbstractIndexedListIterator                           : loaded 2 times (x 94B)
Class com.google.common.base.CharMatcher$None                                         : loaded 2 times (x 110B)
Class org.gradle.api.internal.classpath.EffectiveClassPath                            : loaded 2 times (x 88B)
Class com.google.common.collect.UnmodifiableListIterator                              : loaded 2 times (x 93B)
Class com.google.common.collect.ImmutableList$1                                       : loaded 2 times (x 95B)
Class com.google.common.base.Splitter$Strategy                                        : loaded 2 times (x 68B)
Class com.google.common.collect.ImmutableMapEntrySet$RegularEntrySet                  : loaded 2 times (x 149B)
Class org.gradle.internal.installation.CurrentGradleInstallation                      : loaded 2 times (x 71B)
Class org.gradle.internal.agents.InstrumentingClassLoader                             : loaded 2 times (x 68B)
Class org.gradle.internal.installation.CurrentGradleInstallationLocator               : loaded 2 times (x 69B)
Class org.gradle.api.internal.classpath.Module                                        : loaded 2 times (x 68B)
Class com.google.common.base.Splitter$1$1                                             : loaded 2 times (x 84B)
Class com.google.common.collect.ImmutableSet$RegularSetBuilderImpl                    : loaded 2 times (x 75B)
Class org.gradle.internal.service.CachingServiceLocator                               : loaded 2 times (x 80B)
Class org.gradle.internal.classpath.DefaultClassPath                                  : loaded 2 times (x 88B)
Class com.google.common.base.Splitter$SplittingIterator                               : loaded 2 times (x 82B)
Class Build_gradle$1                                                                  : loaded 2 times (x 76B)
Class com.google.common.base.CharMatcher$Is                                           : loaded 2 times (x 109B)
Class com.google.common.base.Platform                                                 : loaded 2 times (x 69B)
Class com.google.common.collect.RegularImmutableAsList                                : loaded 2 times (x 176B)
Class com.google.common.collect.ImmutableMapEntrySet                                  : loaded 2 times (x 149B)
Class com.google.common.collect.ImmutableBiMapFauxverideShim                          : loaded 2 times (x 118B)
Class org.gradle.internal.classloader.SystemClassLoaderSpec                           : loaded 2 times (x 69B)
Class com.google.common.collect.SingletonImmutableSet                                 : loaded 2 times (x 144B)
Class [Lcom.google.common.base.AbstractIterator$State;                                : loaded 2 times (x 67B)
Class com.google.common.collect.ImmutableMap$Builder                                  : loaded 2 times (x 80B)
Class com.google.common.base.AbstractIterator                                         : loaded 2 times (x 78B)
Class com.google.common.base.AbstractIterator$1                                       : loaded 2 times (x 69B)
Class com.google.common.base.CharMatcher$1                                            : loaded 2 times (x 111B)
Class com.google.common.base.CharMatcher$Ascii                                        : loaded 2 times (x 110B)
Class org.gradle.api.UncheckedIOException                                             : loaded 2 times (x 80B)
Class com.google.common.base.CharMatcher$And                                          : loaded 2 times (x 110B)
Class com.google.common.collect.IndexedImmutableSet                                   : loaded 2 times (x 148B)
Class com.google.common.collect.AbstractListMultimap                                  : loaded 2 times (x 170B)
Class com.google.common.base.CharMatcher$Any                                          : loaded 2 times (x 110B)
Class org.gradle.internal.installation.GradleInstallation                             : loaded 2 times (x 73B)
Class com.google.common.collect.ArrayListMultimapGwtSerializationDependencies         : loaded 2 times (x 170B)
Class com.google.common.base.CharMatcher$RangesMatcher                                : loaded 2 times (x 110B)
Class com.google.common.collect.ImmutableList$SubList                                 : loaded 2 times (x 168B)
Class org.gradle.internal.classloader.ClasspathUtil                                   : loaded 2 times (x 69B)
Class com.google.common.base.Splitter$1                                               : loaded 2 times (x 75B)
Class com.google.common.collect.Maps$BiMapConverter                                   : loaded 2 times (x 88B)
Class org.gradle.api.internal.DefaultClassPathRegistry                                : loaded 2 times (x 74B)
Class com.google.common.collect.ImmutableSet$SetBuilderImpl                           : loaded 2 times (x 74B)
Class org.gradle.api.internal.classpath.DefaultModuleRegistry$DefaultModule           : loaded 2 times (x 84B)
Class com.google.common.base.CharMatcher$JavaIsoControl                               : loaded 2 times (x 110B)
Class com.google.common.collect.ImmutableMap$1                                        : loaded 2 times (x 79B)
Class com.google.common.base.CharMatcher$Or                                           : loaded 2 times (x 110B)
Class org.gradle.kotlin.dsl.VersionCatalogAccessorsKt                                 : loaded 2 times (x 69B)
Class com.google.common.collect.Iterables                                             : loaded 2 times (x 69B)
Class com.google.common.base.CharMatcher$JavaLowerCase                                : loaded 2 times (x 109B)
Class org.gradle.api.internal.classpath.UnknownModuleException                        : loaded 2 times (x 80B)
Class com.google.common.collect.Maps$EntryTransformer                                 : loaded 2 times (x 68B)
Class com.google.common.base.CommonPattern                                            : loaded 2 times (x 72B)
Class org.gradle.internal.service.ServiceLookupException                              : loaded 2 times (x 80B)
Class org.gradle.cache.GlobalCache                                                    : loaded 2 times (x 68B)
Class com.google.common.base.CharMatcher$NegatedFastMatcher                           : loaded 2 times (x 111B)
Class [Lorg.gradle.api.internal.ClassPathProvider;                                    : loaded 2 times (x 67B)
Class org.gradle.util.internal.GUtil                                                  : loaded 2 times (x 69B)
Class org.gradle.internal.classloader.ClassLoaderSpec                                 : loaded 2 times (x 69B)
Class com.google.common.base.NullnessCasts                                            : loaded 2 times (x 69B)
Class com.google.common.collect.AbstractMapEntry                                      : loaded 2 times (x 79B)
Class com.google.common.base.CharMatcher$Negated                                      : loaded 2 times (x 111B)
Class com.google.common.base.CharMatcher$ForPredicate                                 : loaded 2 times (x 110B)
Class com.google.common.collect.ImmutableMap$MapViewOfValuesAsSingletonSets           : loaded 2 times (x 123B)
Class com.google.common.collect.SortedMapDifference                                   : loaded 2 times (x 68B)
Class org.gradle.internal.classloader.VisitableURLClassLoader                         : loaded 2 times (x 115B)
Class com.google.common.collect.ImmutableBiMap                                        : loaded 2 times (x 141B)
Class org.gradle.internal.Cast                                                        : loaded 2 times (x 69B)
Class Build_gradle                                                                    : loaded 2 times (x 70B)
Class org.gradle.api.internal.ClassPathRegistry                                       : loaded 2 times (x 68B)
Class com.google.common.collect.ImmutableSet                                          : loaded 2 times (x 143B)
Class org.gradle.internal.classloader.VisitableURLClassLoader$InstrumentingVisitableURLClassLoader: loaded 2 times (x 121B)
Class org.gradle.internal.classloader.ClassLoaderHierarchy                            : loaded 2 times (x 68B)
Class com.google.common.base.AbstractIterator$State                                   : loaded 2 times (x 77B)
Class com.google.common.base.CharMatcher$NamedFastMatcher                             : loaded 2 times (x 110B)
Class org.gradle.internal.InternalTransformer                                         : loaded 2 times (x 68B)
Class org.gradle.internal.service.ServiceLocator                                      : loaded 2 times (x 68B)
Class Settings_gradle$1                                                               : loaded 2 times (x 72B)
Class com.google.common.collect.ImmutableMapEntry                                     : loaded 2 times (x 83B)
Class com.google.common.base.CharMatcher$Invisible                                    : loaded 2 times (x 110B)
Class com.google.common.base.CharMatcher$FastMatcher                                  : loaded 2 times (x 109B)
Class org.gradle.internal.classpath.DefaultClassPath$ImmutableUniqueList              : loaded 2 times (x 159B)
Class com.google.common.base.CharMatcher$JavaLetter                                   : loaded 2 times (x 109B)
Class org.gradle.internal.classpath.TransformedClassPath                              : loaded 2 times (x 94B)
Class com.google.common.collect.MapDifference                                         : loaded 2 times (x 68B)
Class Settings_gradle                                                                 : loaded 2 times (x 126B)
Class com.google.common.collect.Platform                                              : loaded 2 times (x 69B)
Class com.google.common.collect.ImmutableAsList                                       : loaded 2 times (x 169B)
Class com.google.common.base.CharMatcher$AnyOf                                        : loaded 2 times (x 110B)
Class com.google.common.base.CharMatcher$IsEither                                     : loaded 2 times (x 109B)
Class com.google.common.collect.RegularImmutableList                                  : loaded 2 times (x 172B)
Class com.google.common.base.CharMatcher$JavaUpperCase                                : loaded 2 times (x 109B)
Class com.google.common.collect.Multiset                                              : loaded 2 times (x 68B)
Class com.google.common.collect.ImmutableSet$CachingAsList                            : loaded 2 times (x 145B)
Class com.google.common.collect.ImmutableMapEntry$NonTerminalImmutableMapEntry        : loaded 2 times (x 83B)
Class com.google.common.collect.AbstractMapBasedMultimap                              : loaded 2 times (x 137B)


---------------  S Y S T E M  ---------------

OS:
 Windows 10 , 64 bit Build 19041 (10.0.19041.3636)
OS uptime: 0 days 4:56 hours

CPU: total 8 (initial active 8) (4 cores per cpu, 2 threads per core) family 6 model 142 stepping 10 microcode 0xf0, cx8, cmov, fxsr, ht, mmx, 3dnowpref, sse, sse2, sse3, ssse3, sse4.1, sse4.2, popcnt, lzcnt, tsc, tscinvbit, avx, avx2, aes, erms, clmul, bmi1, bmi2, rtm, adx, fma, vzeroupper, clflush, clflushopt
Processor Information for all 8 processors :
  Max Mhz: 2112, Current Mhz: 1910, Mhz Limit: 1900

Memory: 4k page, system-wide physical 8068M (283M free)
TotalPageFile size 9972M (AvailPageFile size 43M)
current process WorkingSet (physical memory assigned to process): 273M, peak: 276M
current process commit charge ("private bytes"): 332M, peak: 336M

vm_info: OpenJDK 64-Bit Server VM (17.0.9+0--11185874) for windows-amd64 JRE (17.0.9+0--11185874), built on Dec  6 2023 18:57:44 by "androidbuild" with MS VC++ 16.10 / 16.11 (VS2019)

END.
