#
# There is insufficient memory for the Java Runtime Environment to continue.
# Native memory allocation (malloc) failed to allocate 1566944 bytes for Chunk::new
# Possible reasons:
#   The system is out of physical RAM or swap space
#   The process is running with CompressedOops enabled, and the Java Heap may be blocking the growth of the native heap
# Possible solutions:
#   Reduce memory load on the system
#   Increase physical memory or swap space
#   Check if swap backing store is full
#   Decrease Java heap size (-Xmx/-Xms)
#   Decrease number of Java threads
#   Decrease Java thread stack sizes (-Xss)
#   Set larger code cache with -XX:ReservedCodeCacheSize=
#   JVM is running with Unscaled Compressed Oops mode in which the Java heap is
#     placed in the first 4GB address space. The Java Heap base address is the
#     maximum limit for the native heap growth. Please use -XX:HeapBaseMinAddress
#     to set the Java Heap base and to place the Java Heap above 4GB virtual address.
# This output file may be truncated or incomplete.
#
#  Out of Memory Error (arena.cpp:191), pid=8156, tid=4144
#
# JRE version: OpenJDK Runtime Environment (17.0.9) (build 17.0.9+0--11185874)
# Java VM: OpenJDK 64-Bit Server VM (17.0.9+0--11185874, mixed mode, tiered, compressed oops, compressed class ptrs, g1 gc, windows-amd64)
# No core dump will be written. Minidumps are not enabled by default on client versions of Windows
#

---------------  S U M M A R Y ------------

Command Line: --add-opens=java.base/java.util=ALL-UNNAMED --add-opens=java.base/java.lang=ALL-UNNAMED --add-opens=java.base/java.lang.invoke=ALL-UNNAMED --add-opens=java.prefs/java.util.prefs=ALL-UNNAMED --add-opens=java.base/java.nio.charset=ALL-UNNAMED --add-opens=java.base/java.net=ALL-UNNAMED --add-opens=java.base/java.util.concurrent.atomic=ALL-UNNAMED -Xmx2048m -Dfile.encoding=UTF-8 -Duser.country=FR -Duser.language=fr -Duser.variant -javaagent:C:\Users\PC\.gradle\wrapper\dists\gradle-8.4-bin\1w5dpkrfk8irigvoxmyhowfim\gradle-8.4\lib\agents\gradle-instrumentation-agent-8.4.jar org.gradle.launcher.daemon.bootstrap.GradleDaemon 8.4

Host: Intel(R) Core(TM) i7-8650U CPU @ 1.90GHz, 8 cores, 7G,  Windows 10 , 64 bit Build 19041 (10.0.19041.3636)
Time: Sun May  5 20:30:23 2024 Europe de l , 64 bit Build 19041 (10.0.19041.3636) elapsed time: 5.698259 seconds (0d 0h 0m 5s)

---------------  T H R E A D  ---------------

Current thread (0x000001e7930460d0):  JavaThread "C2 CompilerThread0" daemon [_thread_in_native, id=4144, stack(0x00000058a4900000,0x00000058a4a00000)]


Current CompileTask:
C2:   5698 2277   !   4       java.lang.ClassLoader::loadClass (121 bytes)

Stack: [0x00000058a4900000,0x00000058a4a00000]
Native frames: (J=compiled Java code, j=interpreted, Vv=VM code, C=native code)
V  [jvm.dll+0x6886e9]
V  [jvm.dll+0x841e4a]
V  [jvm.dll+0x843a8e]
V  [jvm.dll+0x8440f3]
V  [jvm.dll+0x24c14f]
V  [jvm.dll+0xac44c]
V  [jvm.dll+0xaca9c]
V  [jvm.dll+0x36c1f7]
V  [jvm.dll+0x1be4b6]
V  [jvm.dll+0x21df09]
V  [jvm.dll+0x21d1d1]
V  [jvm.dll+0x1a674d]
V  [jvm.dll+0x22d088]
V  [jvm.dll+0x22b1c0]
V  [jvm.dll+0x7f62f7]
V  [jvm.dll+0x7f06aa]
V  [jvm.dll+0x687565]
C  [ucrtbase.dll+0x21bb2]
C  [KERNEL32.DLL+0x17344]
C  [ntdll.dll+0x526b1]


---------------  P R O C E S S  ---------------

Threads class SMR info:
_java_thread_list=0x000001e79512dbc0, length=25, elements={
0x000001e7f0484f60, 0x000001e793013620, 0x000001e793015d90, 0x000001e793036d70,
0x000001e793038120, 0x000001e79303bab0, 0x000001e79303d5d0, 0x000001e7930460d0,
0x000001e793048630, 0x000001e79305b040, 0x000001e793162ed0, 0x000001e79327c040,
0x000001e794811870, 0x000001e794a4f7f0, 0x000001e79487e040, 0x000001e794a4e690,
0x000001e794a4d890, 0x000001e794c78400, 0x000001e794c78e20, 0x000001e794c79330,
0x000001e794c7a770, 0x000001e794c77ef0, 0x000001e794c779e0, 0x000001e794c79d50,
0x000001e794c7ac80
}

Java Threads: ( => current thread )
  0x000001e7f0484f60 JavaThread "main" [_thread_blocked, id=16208, stack(0x00000058a3c00000,0x00000058a3d00000)]
  0x000001e793013620 JavaThread "Reference Handler" daemon [_thread_blocked, id=17296, stack(0x00000058a4300000,0x00000058a4400000)]
  0x000001e793015d90 JavaThread "Finalizer" daemon [_thread_blocked, id=14648, stack(0x00000058a4400000,0x00000058a4500000)]
  0x000001e793036d70 JavaThread "Signal Dispatcher" daemon [_thread_blocked, id=13148, stack(0x00000058a4500000,0x00000058a4600000)]
  0x000001e793038120 JavaThread "Attach Listener" daemon [_thread_blocked, id=14936, stack(0x00000058a4600000,0x00000058a4700000)]
  0x000001e79303bab0 JavaThread "Service Thread" daemon [_thread_blocked, id=15992, stack(0x00000058a4700000,0x00000058a4800000)]
  0x000001e79303d5d0 JavaThread "Monitor Deflation Thread" daemon [_thread_blocked, id=1152, stack(0x00000058a4800000,0x00000058a4900000)]
=>0x000001e7930460d0 JavaThread "C2 CompilerThread0" daemon [_thread_in_native, id=4144, stack(0x00000058a4900000,0x00000058a4a00000)]
  0x000001e793048630 JavaThread "C1 CompilerThread0" daemon [_thread_blocked, id=14404, stack(0x00000058a4a00000,0x00000058a4b00000)]
  0x000001e79305b040 JavaThread "Sweeper thread" daemon [_thread_blocked, id=7440, stack(0x00000058a4b00000,0x00000058a4c00000)]
  0x000001e793162ed0 JavaThread "Common-Cleaner" daemon [_thread_blocked, id=8380, stack(0x00000058a4c00000,0x00000058a4d00000)]
  0x000001e79327c040 JavaThread "Notification Thread" daemon [_thread_blocked, id=284, stack(0x00000058a4d00000,0x00000058a4e00000)]
  0x000001e794811870 JavaThread "Daemon health stats" [_thread_blocked, id=14532, stack(0x00000058a5300000,0x00000058a5400000)]
  0x000001e794a4f7f0 JavaThread "Incoming local TCP Connector on port 51636" [_thread_in_native, id=18744, stack(0x00000058a5400000,0x00000058a5500000)]
  0x000001e79487e040 JavaThread "Daemon periodic checks" [_thread_blocked, id=5216, stack(0x00000058a5500000,0x00000058a5600000)]
  0x000001e794a4e690 JavaThread "Daemon" [_thread_blocked, id=7036, stack(0x00000058a5600000,0x00000058a5700000)]
  0x000001e794a4d890 JavaThread "Handler for socket connection from /127.0.0.1:51636 to /127.0.0.1:51637" [_thread_in_native, id=2952, stack(0x00000058a5700000,0x00000058a5800000)]
  0x000001e794c78400 JavaThread "Cancel handler" [_thread_blocked, id=8004, stack(0x00000058a5800000,0x00000058a5900000)]
  0x000001e794c78e20 JavaThread "Daemon worker" [_thread_in_vm, id=10588, stack(0x00000058a5900000,0x00000058a5a00000)]
  0x000001e794c79330 JavaThread "Asynchronous log dispatcher for DefaultDaemonConnection: socket connection from /127.0.0.1:51636 to /127.0.0.1:51637" [_thread_blocked, id=17948, stack(0x00000058a5a00000,0x00000058a5b00000)]
  0x000001e794c7a770 JavaThread "Stdin handler" [_thread_blocked, id=19188, stack(0x00000058a5b00000,0x00000058a5c00000)]
  0x000001e794c77ef0 JavaThread "Daemon client event forwarder" [_thread_blocked, id=4284, stack(0x00000058a5c00000,0x00000058a5d00000)]
  0x000001e794c779e0 JavaThread "Cache worker for journal cache (C:\Users\PC\.gradle\caches\journal-1)" [_thread_blocked, id=17912, stack(0x00000058a6100000,0x00000058a6200000)]
  0x000001e794c79d50 JavaThread "File lock request listener" [_thread_in_native, id=8792, stack(0x00000058a6200000,0x00000058a6300000)]
  0x000001e794c7ac80 JavaThread "Cache worker for file hash cache (C:\Users\PC\.gradle\caches\8.4\fileHashes)" [_thread_blocked, id=19236, stack(0x00000058a6300000,0x00000058a6400000)]

Other Threads:
  0x000001e7fb323af0 VMThread "VM Thread" [stack: 0x00000058a4200000,0x00000058a4300000] [id=9936]
  0x000001e79327c520 WatcherThread [stack: 0x00000058a4e00000,0x00000058a4f00000] [id=3356]
  0x000001e7f04df100 GCTaskThread "GC Thread#0" [stack: 0x00000058a3d00000,0x00000058a3e00000] [id=9544]
  0x000001e793cea760 GCTaskThread "GC Thread#1" [stack: 0x00000058a4f00000,0x00000058a5000000] [id=4156]
  0x000001e793f3f480 GCTaskThread "GC Thread#2" [stack: 0x00000058a5000000,0x00000058a5100000] [id=11892]
  0x000001e793d89fc0 GCTaskThread "GC Thread#3" [stack: 0x00000058a5100000,0x00000058a5200000] [id=18244]
  0x000001e793cd0600 GCTaskThread "GC Thread#4" [stack: 0x00000058a5200000,0x00000058a5300000] [id=17160]
  0x000001e794b99e40 GCTaskThread "GC Thread#5" [stack: 0x00000058a5d00000,0x00000058a5e00000] [id=12096]
  0x000001e794d63d90 GCTaskThread "GC Thread#6" [stack: 0x00000058a5e00000,0x00000058a5f00000] [id=17068]
  0x000001e794cf69c0 GCTaskThread "GC Thread#7" [stack: 0x00000058a5f00000,0x00000058a6000000] [id=12012]
  0x000001e7f04f0120 ConcurrentGCThread "G1 Main Marker" [stack: 0x00000058a3e00000,0x00000058a3f00000] [id=12176]
  0x000001e7f04f12e0 ConcurrentGCThread "G1 Conc#0" [stack: 0x00000058a3f00000,0x00000058a4000000] [id=5128]
  0x000001e794d60060 ConcurrentGCThread "G1 Conc#1" [stack: 0x00000058a6000000,0x00000058a6100000] [id=19152]
  0x000001e7f053e4f0 ConcurrentGCThread "G1 Refine#0" [stack: 0x00000058a4000000,0x00000058a4100000] [id=16684]
  0x000001e7fb17c110 ConcurrentGCThread "G1 Service" [stack: 0x00000058a4100000,0x00000058a4200000] [id=17716]

Threads with active compile tasks:
C2 CompilerThread0     5808 2277   !   4       java.lang.ClassLoader::loadClass (121 bytes)

VM state: not at safepoint (normal execution)

VM Mutex/Monitor currently owned by a thread: None

Heap address: 0x0000000080000000, size: 2048 MB, Compressed Oops mode: 32-bit

CDS archive(s) not mapped
Compressed class space mapped at: 0x0000000100000000-0x0000000140000000, reserved size: 1073741824
Narrow klass base: 0x0000000000000000, Narrow klass shift: 3, Narrow klass range: 0x140000000

GC Precious Log:
 CPUs: 8 total, 8 available
 Memory: 8068M
 Large Page Support: Disabled
 NUMA Support: Disabled
 Compressed Oops: Enabled (32-bit)
 Heap Region Size: 1M
 Heap Min Capacity: 8M
 Heap Initial Capacity: 128M
 Heap Max Capacity: 2G
 Pre-touch: Disabled
 Parallel Workers: 8
 Concurrent Workers: 2
 Concurrent Refinement Workers: 8
 Periodic GC: Disabled

Heap:
 garbage-first heap   total 71680K, used 50907K [0x0000000080000000, 0x0000000100000000)
  region size 1024K, 41 young (41984K), 9 survivors (9216K)
 Metaspace       used 26251K, committed 26496K, reserved 1114112K
  class space    used 3401K, committed 3520K, reserved 1048576K

Heap Regions: E=young(eden), S=young(survivor), O=old, HS=humongous(starts), HC=humongous(continues), CS=collection set, F=free, OA=open archive, CA=closed archive, TAMS=top-at-mark-start (previous, next)
|   0|0x0000000080000000, 0x0000000080100000, 0x0000000080100000|100%|HS|  |TAMS 0x0000000080100000, 0x0000000080000000| Complete 
|   1|0x0000000080100000, 0x0000000080200000, 0x0000000080200000|100%|HC|  |TAMS 0x0000000080200000, 0x0000000080100000| Complete 
|   2|0x0000000080200000, 0x0000000080300000, 0x0000000080300000|100%|HC|  |TAMS 0x0000000080300000, 0x0000000080200000| Complete 
|   3|0x0000000080300000, 0x0000000080400000, 0x0000000080400000|100%|HC|  |TAMS 0x0000000080400000, 0x0000000080300000| Complete 
|   4|0x0000000080400000, 0x0000000080500000, 0x0000000080500000|100%| O|  |TAMS 0x0000000080500000, 0x0000000080400000| Untracked 
|   5|0x0000000080500000, 0x0000000080600000, 0x0000000080600000|100%| O|  |TAMS 0x0000000080600000, 0x0000000080500000| Untracked 
|   6|0x0000000080600000, 0x0000000080700000, 0x0000000080700000|100%| O|  |TAMS 0x0000000080700000, 0x0000000080600000| Untracked 
|   7|0x0000000080700000, 0x0000000080800000, 0x0000000080800000|100%| O|  |TAMS 0x0000000080800000, 0x0000000080700000| Untracked 
|   8|0x0000000080800000, 0x0000000080900000, 0x0000000080900000|100%| O|  |TAMS 0x0000000080900000, 0x0000000080800000| Untracked 
|   9|0x0000000080900000, 0x0000000080a00000, 0x0000000080a00000|100%| O|  |TAMS 0x0000000080a00000, 0x0000000080900000| Untracked 
|  10|0x0000000080a00000, 0x0000000080a55200, 0x0000000080b00000| 33%| O|  |TAMS 0x0000000080a55200, 0x0000000080a00000| Untracked 
|  11|0x0000000080b00000, 0x0000000080b00000, 0x0000000080c00000|  0%| F|  |TAMS 0x0000000080b00000, 0x0000000080b00000| Untracked 
|  12|0x0000000080c00000, 0x0000000080c00000, 0x0000000080d00000|  0%| F|  |TAMS 0x0000000080c00000, 0x0000000080c00000| Untracked 
|  13|0x0000000080d00000, 0x0000000080d00000, 0x0000000080e00000|  0%| F|  |TAMS 0x0000000080d00000, 0x0000000080d00000| Untracked 
|  14|0x0000000080e00000, 0x0000000080e00000, 0x0000000080f00000|  0%| F|  |TAMS 0x0000000080e00000, 0x0000000080e00000| Untracked 
|  15|0x0000000080f00000, 0x0000000080f00000, 0x0000000081000000|  0%| F|  |TAMS 0x0000000080f00000, 0x0000000080f00000| Untracked 
|  16|0x0000000081000000, 0x0000000081000000, 0x0000000081100000|  0%| F|  |TAMS 0x0000000081000000, 0x0000000081000000| Untracked 
|  17|0x0000000081100000, 0x0000000081100000, 0x0000000081200000|  0%| F|  |TAMS 0x0000000081100000, 0x0000000081100000| Untracked 
|  18|0x0000000081200000, 0x0000000081200000, 0x0000000081300000|  0%| F|  |TAMS 0x0000000081200000, 0x0000000081200000| Untracked 
|  19|0x0000000081300000, 0x0000000081300000, 0x0000000081400000|  0%| F|  |TAMS 0x0000000081300000, 0x0000000081300000| Untracked 
|  20|0x0000000081400000, 0x0000000081400000, 0x0000000081500000|  0%| F|  |TAMS 0x0000000081400000, 0x0000000081400000| Untracked 
|  21|0x0000000081500000, 0x0000000081500000, 0x0000000081600000|  0%| F|  |TAMS 0x0000000081500000, 0x0000000081500000| Untracked 
|  22|0x0000000081600000, 0x0000000081600000, 0x0000000081700000|  0%| F|  |TAMS 0x0000000081600000, 0x0000000081600000| Untracked 
|  23|0x0000000081700000, 0x0000000081700000, 0x0000000081800000|  0%| F|  |TAMS 0x0000000081700000, 0x0000000081700000| Untracked 
|  24|0x0000000081800000, 0x0000000081800000, 0x0000000081900000|  0%| F|  |TAMS 0x0000000081800000, 0x0000000081800000| Untracked 
|  25|0x0000000081900000, 0x0000000081900000, 0x0000000081a00000|  0%| F|  |TAMS 0x0000000081900000, 0x0000000081900000| Untracked 
|  26|0x0000000081a00000, 0x0000000081a00000, 0x0000000081b00000|  0%| F|  |TAMS 0x0000000081a00000, 0x0000000081a00000| Untracked 
|  27|0x0000000081b00000, 0x0000000081b00000, 0x0000000081c00000|  0%| F|  |TAMS 0x0000000081b00000, 0x0000000081b00000| Untracked 
|  28|0x0000000081c00000, 0x0000000081c00000, 0x0000000081d00000|  0%| F|  |TAMS 0x0000000081c00000, 0x0000000081c00000| Untracked 
|  29|0x0000000081d00000, 0x0000000081d8b438, 0x0000000081e00000| 54%| E|  |TAMS 0x0000000081d00000, 0x0000000081d00000| Complete 
|  30|0x0000000081e00000, 0x0000000081f00000, 0x0000000081f00000|100%| E|CS|TAMS 0x0000000081e00000, 0x0000000081e00000| Complete 
|  31|0x0000000081f00000, 0x0000000082000000, 0x0000000082000000|100%| E|CS|TAMS 0x0000000081f00000, 0x0000000081f00000| Complete 
|  32|0x0000000082000000, 0x0000000082100000, 0x0000000082100000|100%| E|CS|TAMS 0x0000000082000000, 0x0000000082000000| Complete 
|  33|0x0000000082100000, 0x0000000082200000, 0x0000000082200000|100%| E|CS|TAMS 0x0000000082100000, 0x0000000082100000| Complete 
|  34|0x0000000082200000, 0x0000000082300000, 0x0000000082300000|100%| E|CS|TAMS 0x0000000082200000, 0x0000000082200000| Complete 
|  35|0x0000000082300000, 0x0000000082400000, 0x0000000082400000|100%| E|CS|TAMS 0x0000000082300000, 0x0000000082300000| Complete 
|  36|0x0000000082400000, 0x0000000082500000, 0x0000000082500000|100%| E|CS|TAMS 0x0000000082400000, 0x0000000082400000| Complete 
|  37|0x0000000082500000, 0x0000000082600000, 0x0000000082600000|100%| E|CS|TAMS 0x0000000082500000, 0x0000000082500000| Complete 
|  38|0x0000000082600000, 0x0000000082700000, 0x0000000082700000|100%| E|CS|TAMS 0x0000000082600000, 0x0000000082600000| Complete 
|  39|0x0000000082700000, 0x0000000082800000, 0x0000000082800000|100%| E|CS|TAMS 0x0000000082700000, 0x0000000082700000| Complete 
|  40|0x0000000082800000, 0x0000000082900000, 0x0000000082900000|100%| E|CS|TAMS 0x0000000082800000, 0x0000000082800000| Complete 
|  41|0x0000000082900000, 0x0000000082a00000, 0x0000000082a00000|100%| E|CS|TAMS 0x0000000082900000, 0x0000000082900000| Complete 
|  42|0x0000000082a00000, 0x0000000082b00000, 0x0000000082b00000|100%| E|CS|TAMS 0x0000000082a00000, 0x0000000082a00000| Complete 
|  43|0x0000000082b00000, 0x0000000082c00000, 0x0000000082c00000|100%| E|CS|TAMS 0x0000000082b00000, 0x0000000082b00000| Complete 
|  44|0x0000000082c00000, 0x0000000082d00000, 0x0000000082d00000|100%| E|CS|TAMS 0x0000000082c00000, 0x0000000082c00000| Complete 
|  45|0x0000000082d00000, 0x0000000082e00000, 0x0000000082e00000|100%| E|CS|TAMS 0x0000000082d00000, 0x0000000082d00000| Complete 
|  46|0x0000000082e00000, 0x0000000082f00000, 0x0000000082f00000|100%| E|CS|TAMS 0x0000000082e00000, 0x0000000082e00000| Complete 
|  47|0x0000000082f00000, 0x0000000083000000, 0x0000000083000000|100%| E|CS|TAMS 0x0000000082f00000, 0x0000000082f00000| Complete 
|  48|0x0000000083000000, 0x0000000083100000, 0x0000000083100000|100%| E|CS|TAMS 0x0000000083000000, 0x0000000083000000| Complete 
|  49|0x0000000083100000, 0x0000000083200000, 0x0000000083200000|100%| E|CS|TAMS 0x0000000083100000, 0x0000000083100000| Complete 
|  50|0x0000000083200000, 0x0000000083300000, 0x0000000083300000|100%| E|CS|TAMS 0x0000000083200000, 0x0000000083200000| Complete 
|  51|0x0000000083300000, 0x0000000083400000, 0x0000000083400000|100%| E|CS|TAMS 0x0000000083300000, 0x0000000083300000| Complete 
|  52|0x0000000083400000, 0x0000000083500000, 0x0000000083500000|100%| E|CS|TAMS 0x0000000083400000, 0x0000000083400000| Complete 
|  53|0x0000000083500000, 0x0000000083600000, 0x0000000083600000|100%| E|CS|TAMS 0x0000000083500000, 0x0000000083500000| Complete 
|  54|0x0000000083600000, 0x0000000083700000, 0x0000000083700000|100%| E|CS|TAMS 0x0000000083600000, 0x0000000083600000| Complete 
|  55|0x0000000083700000, 0x0000000083800000, 0x0000000083800000|100%| E|CS|TAMS 0x0000000083700000, 0x0000000083700000| Complete 
|  56|0x0000000083800000, 0x0000000083900000, 0x0000000083900000|100%| E|CS|TAMS 0x0000000083800000, 0x0000000083800000| Complete 
|  57|0x0000000083900000, 0x0000000083a00000, 0x0000000083a00000|100%| E|CS|TAMS 0x0000000083900000, 0x0000000083900000| Complete 
|  58|0x0000000083a00000, 0x0000000083b00000, 0x0000000083b00000|100%| E|CS|TAMS 0x0000000083a00000, 0x0000000083a00000| Complete 
|  59|0x0000000083b00000, 0x0000000083c00000, 0x0000000083c00000|100%| E|CS|TAMS 0x0000000083b00000, 0x0000000083b00000| Complete 
|  71|0x0000000084700000, 0x0000000084761c88, 0x0000000084800000| 38%| S|CS|TAMS 0x0000000084700000, 0x0000000084700000| Complete 
|  72|0x0000000084800000, 0x0000000084900000, 0x0000000084900000|100%| S|CS|TAMS 0x0000000084800000, 0x0000000084800000| Complete 
|  73|0x0000000084900000, 0x0000000084a00000, 0x0000000084a00000|100%| S|CS|TAMS 0x0000000084900000, 0x0000000084900000| Complete 
|  74|0x0000000084a00000, 0x0000000084b00000, 0x0000000084b00000|100%| S|CS|TAMS 0x0000000084a00000, 0x0000000084a00000| Complete 
|  75|0x0000000084b00000, 0x0000000084c00000, 0x0000000084c00000|100%| S|CS|TAMS 0x0000000084b00000, 0x0000000084b00000| Complete 
|  76|0x0000000084c00000, 0x0000000084d00000, 0x0000000084d00000|100%| S|CS|TAMS 0x0000000084c00000, 0x0000000084c00000| Complete 
|  77|0x0000000084d00000, 0x0000000084e00000, 0x0000000084e00000|100%| S|CS|TAMS 0x0000000084d00000, 0x0000000084d00000| Complete 
|  78|0x0000000084e00000, 0x0000000084f00000, 0x0000000084f00000|100%| S|CS|TAMS 0x0000000084e00000, 0x0000000084e00000| Complete 
|  79|0x0000000084f00000, 0x0000000085000000, 0x0000000085000000|100%| S|CS|TAMS 0x0000000084f00000, 0x0000000084f00000| Complete 
| 127|0x0000000087f00000, 0x0000000088000000, 0x0000000088000000|100%| E|CS|TAMS 0x0000000087f00000, 0x0000000087f00000| Complete 

Card table byte_map: [0x000001e7f40a0000,0x000001e7f44a0000] _byte_map_base: 0x000001e7f3ca0000

Marking Bits (Prev, Next): (CMBitMap*) 0x000001e7f04df760, (CMBitMap*) 0x000001e7f04df720
 Prev Bits: [0x000001e7f68a0000, 0x000001e7f88a0000)
 Next Bits: [0x000001e7f48a0000, 0x000001e7f68a0000)

Polling page: 0x000001e7efc40000

Metaspace:

Usage:
  Non-class:     22.33 MB used.
      Class:      3.33 MB used.
       Both:     25.66 MB used.

Virtual space:
  Non-class space:       64.00 MB reserved,      22.44 MB ( 35%) committed,  1 nodes.
      Class space:        1.00 GB reserved,       3.44 MB ( <1%) committed,  1 nodes.
             Both:        1.06 GB reserved,      25.88 MB (  2%) committed. 

Chunk freelists:
   Non-Class:  9.44 MB
       Class:  12.50 MB
        Both:  21.94 MB

MaxMetaspaceSize: unlimited
CompressedClassSpaceSize: 1.00 GB
Initial GC threshold: 21.00 MB
Current GC threshold: 35.25 MB
CDS: off
MetaspaceReclaimPolicy: balanced
 - commit_granule_bytes: 65536.
 - commit_granule_words: 8192.
 - virtual_space_node_default_size: 8388608.
 - enlarge_chunks_in_place: 1.
 - new_chunks_are_fully_committed: 0.
 - uncommit_free_chunks: 1.
 - use_allocation_guard: 0.
 - handle_deallocations: 1.


Internal statistics:

num_allocs_failed_limit: 3.
num_arena_births: 206.
num_arena_deaths: 0.
num_vsnodes_births: 2.
num_vsnodes_deaths: 0.
num_space_committed: 414.
num_space_uncommitted: 0.
num_chunks_returned_to_freelist: 3.
num_chunks_taken_from_freelist: 799.
num_chunk_merges: 3.
num_chunk_splits: 534.
num_chunks_enlarged: 389.
num_inconsistent_stats: 0.

CodeHeap 'non-profiled nmethods': size=120000Kb used=1081Kb max_used=1081Kb free=118918Kb
 bounds [0x000001e787ad0000, 0x000001e787d40000, 0x000001e78f000000]
CodeHeap 'profiled nmethods': size=120000Kb used=4690Kb max_used=4690Kb free=115309Kb
 bounds [0x000001e780000000, 0x000001e7804a0000, 0x000001e787530000]
CodeHeap 'non-nmethods': size=5760Kb used=1224Kb max_used=1281Kb free=4536Kb
 bounds [0x000001e787530000, 0x000001e7877a0000, 0x000001e787ad0000]
 total_blobs=2859 nmethods=2325 adapters=446
 compilation: enabled
              stopped_count=0, restarted_count=0
 full_count=0

Compilation events (20 events):
Event: 5.639 Thread 0x000001e793048630 2320       3       java.lang.invoke.InvokerBytecodeGenerator::refKindOpcode (112 bytes)
Event: 5.640 Thread 0x000001e793048630 nmethod 2320 0x000001e78048b190 code [0x000001e78048b3e0, 0x000001e78048bc78]
Event: 5.654 Thread 0x000001e793048630 2325       3       java.lang.invoke.InfoFromMemberName::getModifiers (8 bytes)
Event: 5.655 Thread 0x000001e793048630 nmethod 2325 0x000001e78048bf10 code [0x000001e78048c0a0, 0x000001e78048c218]
Event: 5.657 Thread 0x000001e793048630 2326       3       sun.security.provider.MD5::FF (33 bytes)
Event: 5.658 Thread 0x000001e793048630 nmethod 2326 0x000001e78048c310 code [0x000001e78048c4a0, 0x000001e78048c5b8]
Event: 5.658 Thread 0x000001e793048630 2328       3       sun.security.provider.MD5::HH (29 bytes)
Event: 5.658 Thread 0x000001e793048630 nmethod 2328 0x000001e78048c690 code [0x000001e78048c820, 0x000001e78048c938]
Event: 5.658 Thread 0x000001e793048630 2329       3       sun.security.provider.MD5::II (31 bytes)
Event: 5.658 Thread 0x000001e793048630 nmethod 2329 0x000001e78048ca10 code [0x000001e78048cba0, 0x000001e78048ccb8]
Event: 5.658 Thread 0x000001e793048630 2327       3       sun.security.provider.MD5::GG (33 bytes)
Event: 5.658 Thread 0x000001e793048630 nmethod 2327 0x000001e78048cd90 code [0x000001e78048cf20, 0x000001e78048d038]
Event: 5.678 Thread 0x000001e793048630 2330       3       java.lang.reflect.ProxyGenerator$ProxyMethod::emitIconstInsn (75 bytes)
Event: 5.678 Thread 0x000001e793048630 nmethod 2330 0x000001e78048d110 code [0x000001e78048d340, 0x000001e78048dbf8]
Event: 5.678 Thread 0x000001e793048630 2332       3       jdk.internal.reflect.Reflection::isSubclassOf (21 bytes)
Event: 5.678 Thread 0x000001e793048630 nmethod 2332 0x000001e78048de10 code [0x000001e78048dfc0, 0x000001e78048e208]
Event: 5.678 Thread 0x000001e793048630 2333       3       java.util.Collections$EmptyList::iterator (4 bytes)
Event: 5.679 Thread 0x000001e793048630 nmethod 2333 0x000001e78048e310 code [0x000001e78048e4a0, 0x000001e78048e618]
Event: 5.679 Thread 0x000001e793048630 2331       3       jdk.internal.reflect.ReflectionFactory::newConstructorAccessor (155 bytes)
Event: 5.680 Thread 0x000001e793048630 nmethod 2331 0x000001e78048e710 code [0x000001e78048ea80, 0x000001e7804900f8]

GC Heap History (6 events):
Event: 1.505 GC heap before
{Heap before GC invocations=0 (full 0):
 garbage-first heap   total 131072K, used 26624K [0x0000000080000000, 0x0000000100000000)
  region size 1024K, 23 young (23552K), 0 survivors (0K)
 Metaspace       used 10504K, committed 10624K, reserved 1114112K
  class space    used 1091K, committed 1152K, reserved 1048576K
}
Event: 1.513 GC heap after
{Heap after GC invocations=1 (full 0):
 garbage-first heap   total 131072K, used 10496K [0x0000000080000000, 0x0000000100000000)
  region size 1024K, 3 young (3072K), 3 survivors (3072K)
 Metaspace       used 10504K, committed 10624K, reserved 1114112K
  class space    used 1091K, committed 1152K, reserved 1048576K
}
Event: 2.194 GC heap before
{Heap before GC invocations=1 (full 0):
 garbage-first heap   total 131072K, used 37120K [0x0000000080000000, 0x0000000100000000)
  region size 1024K, 30 young (30720K), 3 survivors (3072K)
 Metaspace       used 11464K, committed 11648K, reserved 1114112K
  class space    used 1197K, committed 1280K, reserved 1048576K
}
Event: 2.200 GC heap after
{Heap after GC invocations=2 (full 0):
 garbage-first heap   total 131072K, used 11397K [0x0000000080000000, 0x0000000100000000)
  region size 1024K, 1 young (1024K), 1 survivors (1024K)
 Metaspace       used 11464K, committed 11648K, reserved 1114112K
  class space    used 1197K, committed 1280K, reserved 1048576K
}
Event: 4.362 GC heap before
{Heap before GC invocations=2 (full 0):
 garbage-first heap   total 131072K, used 59525K [0x0000000080000000, 0x0000000100000000)
  region size 1024K, 48 young (49152K), 1 survivors (1024K)
 Metaspace       used 21296K, committed 21504K, reserved 1114112K
  class space    used 2536K, committed 2624K, reserved 1048576K
}
Event: 4.375 GC heap after
{Heap after GC invocations=3 (full 0):
 garbage-first heap   total 131072K, used 19163K [0x0000000080000000, 0x0000000100000000)
  region size 1024K, 9 young (9216K), 9 survivors (9216K)
 Metaspace       used 21296K, committed 21504K, reserved 1114112K
  class space    used 2536K, committed 2624K, reserved 1048576K
}

Dll operation events (3 events):
Event: 0.019 Loaded shared library C:\Program Files\Android\Android Studio\jbr\bin\java.dll
Event: 0.295 Loaded shared library C:\Program Files\Android\Android Studio\jbr\bin\zip.dll
Event: 0.946 Loaded shared library C:\Program Files\Android\Android Studio\jbr\bin\verify.dll

Deoptimization events (20 events):
Event: 4.461 Thread 0x000001e794c78e20 DEOPT PACKING pc=0x000001e787ba53c4 sp=0x00000058a59fad10
Event: 4.461 Thread 0x000001e794c78e20 DEOPT UNPACKING pc=0x000001e7875869a3 sp=0x00000058a59faca8 mode 2
Event: 4.920 Thread 0x000001e794c78e20 Uncommon trap: trap_request=0xffffff45 fr.pc=0x000001e787aec4c4 relative=0x00000000000001a4
Event: 4.920 Thread 0x000001e794c78e20 Uncommon trap: reason=unstable_if action=reinterpret pc=0x000001e787aec4c4 method=java.util.regex.Matcher.reset()Ljava/util/regex/Matcher; @ 47 c2
Event: 4.920 Thread 0x000001e794c78e20 DEOPT PACKING pc=0x000001e787aec4c4 sp=0x00000058a59faa40
Event: 4.920 Thread 0x000001e794c78e20 DEOPT UNPACKING pc=0x000001e7875869a3 sp=0x00000058a59fa9d0 mode 2
Event: 4.926 Thread 0x000001e794c78e20 DEOPT PACKING pc=0x000001e7800c37d4 sp=0x00000058a59f9240
Event: 4.926 Thread 0x000001e794c78e20 DEOPT UNPACKING pc=0x000001e787587143 sp=0x00000058a59f8798 mode 0
Event: 4.980 Thread 0x000001e794c78e20 Uncommon trap: trap_request=0xffffff45 fr.pc=0x000001e787b88efc relative=0x000000000000075c
Event: 4.980 Thread 0x000001e794c78e20 Uncommon trap: reason=unstable_if action=reinterpret pc=0x000001e787b88efc method=java.util.ArrayList.grow(I)[Ljava/lang/Object; @ 17 c2
Event: 4.980 Thread 0x000001e794c78e20 DEOPT PACKING pc=0x000001e787b88efc sp=0x00000058a59fcb80
Event: 4.980 Thread 0x000001e794c78e20 DEOPT UNPACKING pc=0x000001e7875869a3 sp=0x00000058a59fca18 mode 2
Event: 5.028 Thread 0x000001e794c78e20 Uncommon trap: trap_request=0xffffff45 fr.pc=0x000001e787af0d68 relative=0x0000000000000ae8
Event: 5.028 Thread 0x000001e794c78e20 Uncommon trap: reason=unstable_if action=reinterpret pc=0x000001e787af0d68 method=java.io.WinNTFileSystem.resolve(Ljava/lang/String;Ljava/lang/String;)Ljava/lang/String; @ 19 c2
Event: 5.028 Thread 0x000001e794c78e20 DEOPT PACKING pc=0x000001e787af0d68 sp=0x00000058a59fca60
Event: 5.028 Thread 0x000001e794c78e20 DEOPT UNPACKING pc=0x000001e7875869a3 sp=0x00000058a59fca08 mode 2
Event: 5.030 Thread 0x000001e794c78e20 Uncommon trap: trap_request=0xffffff45 fr.pc=0x000001e787b42d28 relative=0x0000000000000608
Event: 5.030 Thread 0x000001e794c78e20 Uncommon trap: reason=unstable_if action=reinterpret pc=0x000001e787b42d28 method=java.io.File.getName()Ljava/lang/String; @ 16 c2
Event: 5.030 Thread 0x000001e794c78e20 DEOPT PACKING pc=0x000001e787b42d28 sp=0x00000058a59fca00
Event: 5.030 Thread 0x000001e794c78e20 DEOPT UNPACKING pc=0x000001e7875869a3 sp=0x00000058a59fc9d0 mode 2

Classes unloaded (0 events):
No events

Classes redefined (0 events):
No events

Internal exceptions (20 events):
Event: 4.038 Thread 0x000001e794c78e20 Exception <a 'java/lang/NoSuchMethodError'{0x000000008578f788}: 'long java.lang.invoke.DirectMethodHandle$Holder.invokeInterface(java.lang.Object, java.lang.Object)'> (0x000000008578f788) 
thrown [s\src\hotspot\share\interpreter\linkResolver.cpp, line 771]
Event: 4.052 Thread 0x000001e794c78e20 Exception <a 'java/lang/NoSuchMethodError'{0x00000000857c7078}: 'java.lang.Object java.lang.invoke.DirectMethodHandle$Holder.invokeVirtual(java.lang.Object, java.lang.Object, java.lang.Object)'> (0x00000000857c7078) 
thrown [s\src\hotspot\share\interpreter\linkResolver.cpp, line 771]
Event: 4.222 Thread 0x000001e794c78e20 Exception <a 'java/lang/NoSuchMethodError'{0x0000000085377cf8}: 'void java.lang.invoke.DirectMethodHandle$Holder.invokeStatic(java.lang.Object, java.lang.Object)'> (0x0000000085377cf8) 
thrown [s\src\hotspot\share\interpreter\linkResolver.cpp, line 771]
Event: 4.420 Thread 0x000001e794c78e20 Exception <a 'java/lang/NoSuchMethodError'{0x0000000083b16f08}: 'java.lang.Object java.lang.invoke.DirectMethodHandle$Holder.newInvokeSpecial(java.lang.Object, java.lang.Object, java.lang.Object, java.lang.Object, java.lang.Object, java.lang.Object)'> (0x0000000083b16f08) 
thrown [s\src\hotspot\share\interpreter\linkResolver.cpp, line 771]
Event: 4.423 Thread 0x000001e794c78e20 Exception <a 'java/lang/NoSuchMethodError'{0x0000000083b2e9f0}: 'void java.lang.invoke.DirectMethodHandle$Holder.invokeSpecial(java.lang.Object, java.lang.Object, java.lang.Object, java.lang.Object, java.lang.Object)'> (0x0000000083b2e9f0) 
thrown [s\src\hotspot\share\interpreter\linkResolver.cpp, line 771]
Event: 4.425 Thread 0x000001e794c78e20 Exception <a 'java/lang/NoSuchMethodError'{0x0000000083b42878}: 'void java.lang.invoke.DirectMethodHandle$Holder.invokeStaticInit(java.lang.Object, java.lang.Object)'> (0x0000000083b42878) 
thrown [s\src\hotspot\share\interpreter\linkResolver.cpp, line 771]
Event: 4.471 Thread 0x000001e794c78e20 Exception <a 'java/lang/NoSuchMethodError'{0x0000000083a497b8}: 'java.lang.Object java.lang.invoke.DirectMethodHandle$Holder.newInvokeSpecial(java.lang.Object, java.lang.Object, java.lang.Object, int, java.lang.Object, java.lang.Object)'> (0x0000000083a497b8) 
thrown [s\src\hotspot\share\interpreter\linkResolver.cpp, line 771]
Event: 4.534 Thread 0x000001e794c78e20 Exception <a 'java/lang/NoSuchMethodError'{0x0000000083808058}: 'void java.lang.invoke.DelegatingMethodHandle$Holder.reinvoke_L(java.lang.Object, java.lang.Object, java.lang.Object, java.lang.Object, java.lang.Object, java.lang.Object, java.lang.Object, java.lang.Object, java.lang.Object, java.lang.Object)'> (0x0000000083808058) 
thrown [s\src\hotspot\share\interpreter\linkResolver.cpp, line 771]
Event: 4.534 Thread 0x000001e794c78e20 Exception <a 'java/lang/NoSuchMethodError'{0x0000000083810608}: 'java.lang.Object java.lang.invoke.DirectMethodHandle$Holder.invokeSpecial(java.lang.Object, java.lang.Object, java.lang.Object, java.lang.Object, java.lang.Object, java.lang.Object, java.lang.Object, java.lang.Object, java.lang.Object, java.lang.Object)'> (0x0000000083810608) 
thrown [s\src\hotspot\share\interpreter\linkResolver.cpp, line 771]
Event: 4.535 Thread 0x000001e794c78e20 Exception <a 'java/lang/NoSuchMethodError'{0x0000000083814ed8}: 'java.lang.Object java.lang.invoke.Invokers$Holder.invoker(java.lang.Object, java.lang.Object, java.lang.Object, java.lang.Object, java.lang.Object, java.lang.Object, java.lang.Object, java.lang.Object, java.lang.Object, java.lang.Object)'> (0x0000000083814ed8) 
thrown [s\src\hotspot\share\interpreter\linkResolver.cpp, line 771]
Event: 4.536 Thread 0x000001e794c78e20 Exception <a 'java/lang/NoSuchMethodError'{0x000000008381aae0}: 'java.lang.Object java.lang.invoke.DirectMethodHandle$Holder.invokeSpecial(java.lang.Object, java.lang.Object, java.lang.Object, java.lang.Object, java.lang.Object, java.lang.Object, java.lang.Object, java.lang.Object, java.lang.Object, java.lang.Object, java.lang.Object)'> (0x000000008381aae0) 
thrown [s\src\hotspot\share\interpreter\linkResolver.cpp, line 771]
Event: 4.872 Thread 0x000001e794c78e20 Exception <a 'java/lang/NoSuchMethodError'{0x00000000833fb088}: 'void java.lang.invoke.DirectMethodHandle$Holder.invokeStaticInit(java.lang.Object)'> (0x00000000833fb088) 
thrown [s\src\hotspot\share\interpreter\linkResolver.cpp, line 771]
Event: 4.892 Thread 0x000001e794c78e20 Exception <a 'java/lang/NoSuchMethodError'{0x00000000832acdc8}: 'java.lang.Object java.lang.invoke.DirectMethodHandle$Holder.newInvokeSpecial(java.lang.Object, java.lang.Object, java.lang.Object, int)'> (0x00000000832acdc8) 
thrown [s\src\hotspot\share\interpreter\linkResolver.cpp, line 771]
Event: 4.893 Thread 0x000001e794c78e20 Exception <a 'java/lang/NoSuchMethodError'{0x00000000832b16f8}: 'java.lang.Object java.lang.invoke.DirectMethodHandle$Holder.invokeSpecial(java.lang.Object, java.lang.Object, java.lang.Object, java.lang.Object, int)'> (0x00000000832b16f8) 
thrown [s\src\hotspot\share\interpreter\linkResolver.cpp, line 771]
Event: 4.893 Thread 0x000001e794c78e20 Exception <a 'java/lang/NoSuchMethodError'{0x00000000832b5810}: 'java.lang.Object java.lang.invoke.Invokers$Holder.linkToTargetMethod(java.lang.Object, java.lang.Object, int, java.lang.Object)'> (0x00000000832b5810) 
thrown [s\src\hotspot\share\interpreter\linkResolver.cpp, line 771]
Event: 5.632 Thread 0x000001e794c78e20 Exception <a 'java/lang/NoSuchMethodError'{0x000000008225bf58}: 'int java.lang.invoke.DirectMethodHandle$Holder.invokeSpecialIFC(java.lang.Object, java.lang.Object, java.lang.Object, java.lang.Object)'> (0x000000008225bf58) 
thrown [s\src\hotspot\share\interpreter\linkResolver.cpp, line 771]
Event: 5.634 Thread 0x000001e794c78e20 Exception <a 'java/lang/NoSuchMethodError'{0x000000008226b258}: 'java.lang.Object java.lang.invoke.DirectMethodHandle$Holder.invokeInterface(java.lang.Object, java.lang.Object, java.lang.Object)'> (0x000000008226b258) 
thrown [s\src\hotspot\share\interpreter\linkResolver.cpp, line 771]
Event: 5.635 Thread 0x000001e794c78e20 Exception <a 'java/lang/IncompatibleClassChangeError'{0x000000008226f118}: Found class java.lang.Object, but interface was expected> (0x000000008226f118) 
thrown [s\src\hotspot\share\interpreter\linkResolver.cpp, line 838]
Event: 5.686 Thread 0x000001e794c78e20 Exception <a 'java/lang/NoSuchMethodError'{0x00000000820a6008}: 'int java.lang.invoke.DirectMethodHandle$Holder.invokeStatic(java.lang.Object, java.lang.Object, java.lang.Object, java.lang.Object)'> (0x00000000820a6008) 
thrown [s\src\hotspot\share\interpreter\linkResolver.cpp, line 771]
Event: 5.686 Thread 0x000001e794c78e20 Exception <a 'java/lang/NoSuchMethodError'{0x00000000820a9c30}: 'java.lang.Object java.lang.invoke.Invokers$Holder.invokeExact_MT(java.lang.Object, java.lang.Object, java.lang.Object, java.lang.Object, java.lang.Object, java.lang.Object)'> (0x00000000820a9c30) 
thrown [s\src\hotspot\share\interpreter\linkResolver.cpp, line 771]

VM Operations (20 events):
Event: 3.340 Executing VM operation: HandshakeAllThreads
Event: 3.340 Executing VM operation: HandshakeAllThreads done
Event: 3.340 Executing VM operation: Cleanup
Event: 3.340 Executing VM operation: Cleanup done
Event: 3.692 Executing VM operation: HandshakeAllThreads
Event: 3.692 Executing VM operation: HandshakeAllThreads done
Event: 3.775 Executing VM operation: HandshakeAllThreads
Event: 3.775 Executing VM operation: HandshakeAllThreads done
Event: 4.362 Executing VM operation: CollectForMetadataAllocation
Event: 4.375 Executing VM operation: CollectForMetadataAllocation done
Event: 4.386 Executing VM operation: G1PauseRemark
Event: 4.392 Executing VM operation: G1PauseRemark done
Event: 4.395 Executing VM operation: G1PauseCleanup
Event: 4.399 Executing VM operation: G1PauseCleanup done
Event: 4.500 Executing VM operation: HandshakeAllThreads
Event: 4.500 Executing VM operation: HandshakeAllThreads done
Event: 5.110 Executing VM operation: HandshakeAllThreads
Event: 5.111 Executing VM operation: HandshakeAllThreads done
Event: 5.111 Executing VM operation: HandshakeAllThreads
Event: 5.111 Executing VM operation: HandshakeAllThreads done

Events (20 events):
Event: 5.626 loading class java/util/concurrent/Semaphore
Event: 5.626 loading class java/util/concurrent/Semaphore done
Event: 5.629 loading class java/nio/file/FileVisitOption
Event: 5.629 loading class java/nio/file/FileVisitOption done
Event: 5.635 loading class java/util/stream/ReduceOps$1
Event: 5.636 loading class java/util/stream/ReduceOps$1 done
Event: 5.636 loading class java/util/stream/ReduceOps$1ReducingSink
Event: 5.636 loading class java/util/stream/ReduceOps$1ReducingSink done
Event: 5.661 loading class java/util/regex/Pattern$Dollar
Event: 5.661 loading class java/util/regex/Pattern$Dollar done
Event: 5.670 loading class java/io/ObjectInputStream
Event: 5.671 loading class java/io/ObjectInput
Event: 5.671 loading class java/io/ObjectInput done
Event: 5.671 loading class java/io/ObjectStreamConstants
Event: 5.671 loading class java/io/ObjectStreamConstants done
Event: 5.671 loading class java/io/ObjectInputStream done
Event: 5.672 loading class java/io/ObjectOutputStream
Event: 5.672 loading class java/io/ObjectOutput
Event: 5.673 loading class java/io/ObjectOutput done
Event: 5.673 loading class java/io/ObjectOutputStream done


Dynamic libraries:
0x00007ff7118e0000 - 0x00007ff7118ea000 	C:\Program Files\Android\Android Studio\jbr\bin\java.exe
0x00007ffd1a490000 - 0x00007ffd1a688000 	C:\Windows\SYSTEM32\ntdll.dll
0x00007ffd11e00000 - 0x00007ffd11e19000 	C:\Program Files\Avast Software\Avast\aswhook.dll
0x00007ffd1a320000 - 0x00007ffd1a3dd000 	C:\Windows\System32\KERNEL32.DLL
0x00007ffd180c0000 - 0x00007ffd183b6000 	C:\Windows\System32\KERNELBASE.dll
0x00007ffd183c0000 - 0x00007ffd184c0000 	C:\Windows\System32\ucrtbase.dll
0x00007ffcfd4b0000 - 0x00007ffcfd4c7000 	C:\Program Files\Android\Android Studio\jbr\bin\jli.dll
0x00007ffcfcf60000 - 0x00007ffcfcf7b000 	C:\Program Files\Android\Android Studio\jbr\bin\VCRUNTIME140.dll
0x00007ffd19480000 - 0x00007ffd1961f000 	C:\Windows\System32\USER32.dll
0x00007ffd17fb0000 - 0x00007ffd17fd2000 	C:\Windows\System32\win32u.dll
0x00007ffd19450000 - 0x00007ffd1947b000 	C:\Windows\System32\GDI32.dll
0x00007ffd06d90000 - 0x00007ffd0702a000 	C:\Windows\WinSxS\amd64_microsoft.windows.common-controls_6595b64144ccf1df_6.0.19041.3636_none_60b6a03d71f818d5\COMCTL32.dll
0x00007ffd17e90000 - 0x00007ffd17fa7000 	C:\Windows\System32\gdi32full.dll
0x00007ffd197e0000 - 0x00007ffd1987e000 	C:\Windows\System32\msvcrt.dll
0x00007ffd17ca0000 - 0x00007ffd17d3d000 	C:\Windows\System32\msvcp_win.dll
0x00007ffd19b10000 - 0x00007ffd19b42000 	C:\Windows\System32\IMM32.DLL
0x00007ffcfe8d0000 - 0x00007ffcfe8dc000 	C:\Program Files\Android\Android Studio\jbr\bin\vcruntime140_1.dll
0x00007ffcddda0000 - 0x00007ffcdde2d000 	C:\Program Files\Android\Android Studio\jbr\bin\msvcp140.dll
0x00007ffcb7150000 - 0x00007ffcb7dd3000 	C:\Program Files\Android\Android Studio\jbr\bin\server\jvm.dll
0x00007ffd18b80000 - 0x00007ffd18c30000 	C:\Windows\System32\ADVAPI32.dll
0x00007ffd199b0000 - 0x00007ffd19a50000 	C:\Windows\System32\sechost.dll
0x00007ffd19880000 - 0x00007ffd199a3000 	C:\Windows\System32\RPCRT4.dll
0x00007ffd17e60000 - 0x00007ffd17e87000 	C:\Windows\System32\bcrypt.dll
0x00007ffd053b0000 - 0x00007ffd053b9000 	C:\Windows\SYSTEM32\WSOCK32.dll
0x00007ffd179a0000 - 0x00007ffd179eb000 	C:\Windows\SYSTEM32\POWRPROF.dll
0x00007ffd06b40000 - 0x00007ffd06b67000 	C:\Windows\SYSTEM32\WINMM.dll
0x00007ffd19640000 - 0x00007ffd196ab000 	C:\Windows\System32\WS2_32.dll
0x00007ffd0eea0000 - 0x00007ffd0eeaa000 	C:\Windows\SYSTEM32\VERSION.dll
0x00007ffd17980000 - 0x00007ffd17992000 	C:\Windows\SYSTEM32\UMPDC.dll
0x00007ffd16360000 - 0x00007ffd16372000 	C:\Windows\SYSTEM32\kernel.appcore.dll
0x00007ffd15c50000 - 0x00007ffd15c5a000 	C:\Program Files\Android\Android Studio\jbr\bin\jimage.dll
0x00007ffd126f0000 - 0x00007ffd128d4000 	C:\Windows\SYSTEM32\DBGHELP.DLL
0x00007ffd0d450000 - 0x00007ffd0d484000 	C:\Windows\SYSTEM32\dbgcore.DLL
0x00007ffd18030000 - 0x00007ffd180b2000 	C:\Windows\System32\bcryptPrimitives.dll
0x00007ffd07120000 - 0x00007ffd0712e000 	C:\Program Files\Android\Android Studio\jbr\bin\instrument.dll
0x00007ffd0f370000 - 0x00007ffd0f395000 	C:\Program Files\Android\Android Studio\jbr\bin\java.dll
0x00007ffd14130000 - 0x00007ffd14148000 	C:\Program Files\Android\Android Studio\jbr\bin\zip.dll
0x00007ffd18ce0000 - 0x00007ffd1944b000 	C:\Windows\System32\SHELL32.dll
0x00007ffd12b50000 - 0x00007ffd132ee000 	C:\Windows\SYSTEM32\windows.storage.dll
0x00007ffd184c0000 - 0x00007ffd18813000 	C:\Windows\System32\combase.dll
0x00007ffd174a0000 - 0x00007ffd174ce000 	C:\Windows\SYSTEM32\Wldp.dll
0x00007ffd18820000 - 0x00007ffd188ed000 	C:\Windows\System32\OLEAUT32.dll
0x00007ffd18c30000 - 0x00007ffd18cdd000 	C:\Windows\System32\SHCORE.dll
0x00007ffd19ab0000 - 0x00007ffd19b05000 	C:\Windows\System32\shlwapi.dll
0x00007ffd17a70000 - 0x00007ffd17a93000 	C:\Windows\SYSTEM32\profapi.dll
0x00007ffd13ab0000 - 0x00007ffd13ac9000 	C:\Program Files\Android\Android Studio\jbr\bin\net.dll
0x00007ffd0d330000 - 0x00007ffd0d43a000 	C:\Windows\SYSTEM32\WINHTTP.dll
0x00007ffd17200000 - 0x00007ffd1726a000 	C:\Windows\system32\mswsock.dll
0x00007ffcfe140000 - 0x00007ffcfe156000 	C:\Program Files\Android\Android Studio\jbr\bin\nio.dll
0x00007ffd07b80000 - 0x00007ffd07b90000 	C:\Program Files\Android\Android Studio\jbr\bin\verify.dll
0x00007ffcfad40000 - 0x00007ffcfad67000 	C:\Users\PC\.gradle\native\c067742578af261105cb4f569cf0c3c89f3d7b1fecec35dd04571415982c5e48\windows-amd64\native-platform.dll
0x00007ffcd9c20000 - 0x00007ffcd9d64000 	C:\Users\PC\.gradle\native\38dada09dfb8b06ba9b0570ebf7e218e3eb74d4ef43ca46872605cf95ebc2f47\windows-amd64\native-platform-file-events.dll
0x00007ffd148e0000 - 0x00007ffd148e9000 	C:\Program Files\Android\Android Studio\jbr\bin\management.dll
0x00007ffd14690000 - 0x00007ffd1469b000 	C:\Program Files\Android\Android Studio\jbr\bin\management_ext.dll
0x00007ffd1a3e0000 - 0x00007ffd1a3e8000 	C:\Windows\System32\PSAPI.DLL
0x00007ffd173f0000 - 0x00007ffd17408000 	C:\Windows\SYSTEM32\CRYPTSP.dll
0x00007ffd16b20000 - 0x00007ffd16b54000 	C:\Windows\system32\rsaenh.dll
0x00007ffd17a30000 - 0x00007ffd17a5e000 	C:\Windows\SYSTEM32\USERENV.dll
0x00007ffd17410000 - 0x00007ffd1741c000 	C:\Windows\SYSTEM32\CRYPTBASE.dll
0x00007ffd16ee0000 - 0x00007ffd16f1b000 	C:\Windows\SYSTEM32\IPHLPAPI.DLL
0x00007ffd1a310000 - 0x00007ffd1a318000 	C:\Windows\System32\NSI.dll
0x00007ffd0dff0000 - 0x00007ffd0e007000 	C:\Windows\SYSTEM32\dhcpcsvc6.DLL
0x00007ffd0e180000 - 0x00007ffd0e19d000 	C:\Windows\SYSTEM32\dhcpcsvc.DLL
0x00007ffd16f20000 - 0x00007ffd16feb000 	C:\Windows\SYSTEM32\DNSAPI.dll
0x00007ffd14ef0000 - 0x00007ffd14ef7000 	C:\Windows\system32\wshunix.dll

dbghelp: loaded successfully - version: 4.0.5 - missing functions: none
symbol engine: initialized successfully - sym options: 0x614 - pdb path: .;C:\Program Files\Android\Android Studio\jbr\bin;C:\Windows\SYSTEM32;C:\Program Files\Avast Software\Avast;C:\Windows\WinSxS\amd64_microsoft.windows.common-controls_6595b64144ccf1df_6.0.19041.3636_none_60b6a03d71f818d5;C:\Program Files\Android\Android Studio\jbr\bin\server;C:\Users\PC\.gradle\native\c067742578af261105cb4f569cf0c3c89f3d7b1fecec35dd04571415982c5e48\windows-amd64;C:\Users\PC\.gradle\native\38dada09dfb8b06ba9b0570ebf7e218e3eb74d4ef43ca46872605cf95ebc2f47\windows-amd64

VM Arguments:
jvm_args: --add-opens=java.base/java.util=ALL-UNNAMED --add-opens=java.base/java.lang=ALL-UNNAMED --add-opens=java.base/java.lang.invoke=ALL-UNNAMED --add-opens=java.prefs/java.util.prefs=ALL-UNNAMED --add-opens=java.base/java.nio.charset=ALL-UNNAMED --add-opens=java.base/java.net=ALL-UNNAMED --add-opens=java.base/java.util.concurrent.atomic=ALL-UNNAMED -Xmx2048m -Dfile.encoding=UTF-8 -Duser.country=FR -Duser.language=fr -Duser.variant -javaagent:C:\Users\PC\.gradle\wrapper\dists\gradle-8.4-bin\1w5dpkrfk8irigvoxmyhowfim\gradle-8.4\lib\agents\gradle-instrumentation-agent-8.4.jar 
java_command: org.gradle.launcher.daemon.bootstrap.GradleDaemon 8.4
java_class_path (initial): C:\Users\PC\.gradle\wrapper\dists\gradle-8.4-bin\1w5dpkrfk8irigvoxmyhowfim\gradle-8.4\lib\gradle-launcher-8.4.jar
Launcher Type: SUN_STANDARD

[Global flags]
     intx CICompilerCount                          = 4                                         {product} {ergonomic}
     uint ConcGCThreads                            = 2                                         {product} {ergonomic}
     uint G1ConcRefinementThreads                  = 8                                         {product} {ergonomic}
   size_t G1HeapRegionSize                         = 1048576                                   {product} {ergonomic}
    uintx GCDrainStackTargetSize                   = 64                                        {product} {ergonomic}
   size_t InitialHeapSize                          = 134217728                                 {product} {ergonomic}
   size_t MarkStackSize                            = 4194304                                   {product} {ergonomic}
   size_t MaxHeapSize                              = 2147483648                                {product} {command line}
   size_t MaxNewSize                               = 1287651328                                {product} {ergonomic}
   size_t MinHeapDeltaBytes                        = 1048576                                   {product} {ergonomic}
   size_t MinHeapSize                              = 8388608                                   {product} {ergonomic}
    uintx NonNMethodCodeHeapSize                   = 5839372                                {pd product} {ergonomic}
    uintx NonProfiledCodeHeapSize                  = 122909434                              {pd product} {ergonomic}
    uintx ProfiledCodeHeapSize                     = 122909434                              {pd product} {ergonomic}
    uintx ReservedCodeCacheSize                    = 251658240                              {pd product} {ergonomic}
     bool SegmentedCodeCache                       = true                                      {product} {ergonomic}
   size_t SoftMaxHeapSize                          = 2147483648                             {manageable} {ergonomic}
     bool UseCompressedClassPointers               = true                           {product lp64_product} {ergonomic}
     bool UseCompressedOops                        = true                           {product lp64_product} {ergonomic}
     bool UseG1GC                                  = true                                      {product} {ergonomic}
     bool UseLargePagesIndividualAllocation        = false                                  {pd product} {ergonomic}

Logging:
Log output configuration:
 #0: stdout all=warning uptime,level,tags
 #1: stderr all=off uptime,level,tags

Environment Variables:
JAVA_HOME=C:\Program Files\Java\jdk-17
PATH=C:\Python312\Scripts\;C:\Python312\;C:\ProgramData\Oracle\Java\javapath;C:\Program Files\Common Files\Oracle\Java\javapath;C:\Windows\system32;C:\Windows;C:\Windows\System32\Wbem;C:\Windows\System32\WindowsPowerShell\v1.0\;C:\Windows\System32\OpenSSH\;C:\Program Files (x86)\Intel\Intel(R) Management Engine Components\DAL;C:\Program Files\Intel\Intel(R) Management Engine Components\DAL;C:\Program Files\nodejs\;C:\ProgramData\chocolatey\bin;C:\Users\PC\AppData\Local\Android\Sdk\platform-tools;C:\Users\PC\AppData\Local\Android\Sdk\cmdline-tools\latest\bin;C:\Users\PC\AppData\Local\Android\Sdk\build-tools;C:\Users\PC\AppData\Local\Android\Sdk\emulator;C:\Windows\System32\WindowsPowerShell\v1.0;C:\Gradle\gradle-7.6.4-bin\gradle-7.6.4\bin;C:\Program Files\Git\cmd;C:\Users\PC\AppData\Local\Microsoft\WindowsApps;;C:\Users\PC\AppData\Local\Programs\Microsoft VS Code\bin;C:\Users\PC\AppData\Roaming\npm
USERNAME=PC
OS=Windows_NT
PROCESSOR_IDENTIFIER=Intel64 Family 6 Model 142 Stepping 10, GenuineIntel
TMP=C:\Users\PC\AppData\Local\Temp
TEMP=C:\Users\PC\AppData\Local\Temp



Periodic native trim disabled

JNI global refs:
JNI global refs: 23, weak refs: 0

JNI global refs memory usage: 843, weak refs: 841

OOME stack traces (most recent first):
Classloader memory used:
Loader bootstrap                                                                       : 1848K
Loader org.gradle.internal.classloader.VisitableURLClassLoader                         : 1264K
Loader org.gradle.initialization.MixInLegacyTypesClassLoader                           : 131K
Loader jdk.internal.loader.ClassLoaders$AppClassLoader                                 : 28451B
Loader jdk.internal.loader.ClassLoaders$PlatformClassLoader                            : 17645B
Loader jdk.internal.reflect.DelegatingClassLoader                                      : 2231B

Classes loaded by more than one classloader:
Class org.gradle.internal.installation.GradleInstallation                             : loaded 2 times (x 73B)
Class org.gradle.internal.classpath.ClassPath                                         : loaded 2 times (x 68B)
Class org.gradle.api.internal.classpath.DefaultModuleRegistry                         : loaded 2 times (x 84B)
Class org.gradle.api.Action                                                           : loaded 2 times (x 68B)
Class org.gradle.api.internal.DefaultClassPathProvider                                : loaded 2 times (x 74B)
Class org.gradle.internal.installation.GradleInstallation$1                           : loaded 2 times (x 73B)
Class org.gradle.internal.classloader.FilteringClassLoader                            : loaded 2 times (x 103B)
Class org.gradle.internal.classpath.DefaultClassPath$ImmutableUniqueList$Builder      : loaded 2 times (x 73B)
Class org.gradle.internal.classloader.ClassLoaderVisitor                              : loaded 2 times (x 74B)
Class org.gradle.internal.service.DefaultServiceLocator                               : loaded 2 times (x 81B)
Class org.gradle.internal.service.UnknownServiceException                             : loaded 2 times (x 81B)
Class org.gradle.internal.classloader.VisitableURLClassLoader$Spec                    : loaded 2 times (x 72B)
Class org.gradle.api.GradleException                                                  : loaded 2 times (x 80B)
Class org.gradle.api.internal.classpath.ModuleRegistry                                : loaded 2 times (x 68B)
Class org.gradle.api.internal.ClassPathProvider                                       : loaded 2 times (x 68B)
Class org.gradle.internal.classloader.ClasspathUtil$1                                 : loaded 2 times (x 74B)
Class org.gradle.internal.classloader.ClassLoaderFactory                              : loaded 2 times (x 68B)
Class org.gradle.api.internal.classpath.ManifestUtil                                  : loaded 2 times (x 69B)
Class org.gradle.api.specs.Spec                                                       : loaded 2 times (x 68B)
Class org.gradle.internal.IoActions                                                   : loaded 2 times (x 69B)
Class org.gradle.api.internal.classpath.EffectiveClassPath                            : loaded 2 times (x 88B)
Class org.gradle.internal.installation.CurrentGradleInstallation                      : loaded 2 times (x 71B)
Class org.gradle.internal.agents.InstrumentingClassLoader                             : loaded 2 times (x 68B)
Class org.gradle.internal.installation.CurrentGradleInstallationLocator               : loaded 2 times (x 69B)
Class org.gradle.api.internal.classpath.Module                                        : loaded 2 times (x 68B)
Class org.gradle.internal.service.CachingServiceLocator                               : loaded 2 times (x 80B)
Class org.gradle.internal.classpath.DefaultClassPath                                  : loaded 2 times (x 88B)
Class org.gradle.internal.classloader.SystemClassLoaderSpec                           : loaded 2 times (x 69B)
Class org.gradle.api.UncheckedIOException                                             : loaded 2 times (x 80B)
Class org.gradle.internal.classloader.ClasspathUtil                                   : loaded 2 times (x 69B)
Class org.gradle.api.internal.DefaultClassPathRegistry                                : loaded 2 times (x 74B)
Class org.gradle.api.internal.classpath.DefaultModuleRegistry$DefaultModule           : loaded 2 times (x 84B)
Class org.gradle.api.internal.classpath.UnknownModuleException                        : loaded 2 times (x 80B)
Class org.gradle.internal.service.ServiceLookupException                              : loaded 2 times (x 80B)
Class org.gradle.cache.GlobalCache                                                    : loaded 2 times (x 68B)
Class [Lorg.gradle.api.internal.ClassPathProvider;                                    : loaded 2 times (x 67B)
Class org.gradle.util.internal.GUtil                                                  : loaded 2 times (x 69B)
Class org.gradle.internal.classloader.ClassLoaderSpec                                 : loaded 2 times (x 69B)
Class org.gradle.internal.classloader.VisitableURLClassLoader                         : loaded 2 times (x 115B)
Class org.gradle.internal.Cast                                                        : loaded 2 times (x 69B)
Class org.gradle.api.internal.ClassPathRegistry                                       : loaded 2 times (x 68B)
Class org.gradle.internal.classloader.VisitableURLClassLoader$InstrumentingVisitableURLClassLoader: loaded 2 times (x 121B)
Class org.gradle.internal.classloader.ClassLoaderHierarchy                            : loaded 2 times (x 68B)
Class org.gradle.internal.InternalTransformer                                         : loaded 2 times (x 68B)
Class org.gradle.internal.service.ServiceLocator                                      : loaded 2 times (x 68B)
Class org.gradle.internal.classpath.DefaultClassPath$ImmutableUniqueList              : loaded 2 times (x 159B)
Class org.gradle.internal.classpath.TransformedClassPath                              : loaded 2 times (x 94B)


---------------  S Y S T E M  ---------------

OS:
 Windows 10 , 64 bit Build 19041 (10.0.19041.3636)
OS uptime: 1 days 2:46 hours

CPU: total 8 (initial active 8) (4 cores per cpu, 2 threads per core) family 6 model 142 stepping 10 microcode 0xf0, cx8, cmov, fxsr, ht, mmx, 3dnowpref, sse, sse2, sse3, ssse3, sse4.1, sse4.2, popcnt, lzcnt, tsc, tscinvbit, avx, avx2, aes, erms, clmul, bmi1, bmi2, rtm, adx, fma, vzeroupper, clflush, clflushopt
Processor Information for processor 0
  Max Mhz: 2112, Current Mhz: 1408, Mhz Limit: 1900
Processor Information for processor 1
  Max Mhz: 2112, Current Mhz: 1910, Mhz Limit: 1900
Processor Information for processor 2
  Max Mhz: 2112, Current Mhz: 1408, Mhz Limit: 1900
Processor Information for processor 3
  Max Mhz: 2112, Current Mhz: 1408, Mhz Limit: 1900
Processor Information for processor 4
  Max Mhz: 2112, Current Mhz: 1408, Mhz Limit: 1900
Processor Information for processor 5
  Max Mhz: 2112, Current Mhz: 1910, Mhz Limit: 1900
Processor Information for processor 6
  Max Mhz: 2112, Current Mhz: 1408, Mhz Limit: 1900
Processor Information for processor 7
  Max Mhz: 2112, Current Mhz: 1408, Mhz Limit: 1900

Memory: 4k page, system-wide physical 8068M (254M free)
TotalPageFile size 9972M (AvailPageFile size 13M)
current process WorkingSet (physical memory assigned to process): 148M, peak: 148M
current process commit charge ("private bytes"): 209M, peak: 251M

vm_info: OpenJDK 64-Bit Server VM (17.0.9+0--11185874) for windows-amd64 JRE (17.0.9+0--11185874), built on Dec  6 2023 18:57:44 by "androidbuild" with MS VC++ 16.10 / 16.11 (VS2019)

END.
